24-Aug-2024 20:47:40.855 INFO [main] org.apache.catalina.startup.VersionLoggerListener.log Server version name:   Apache Tomcat/10.1.28
24-Aug-2024 20:47:40.859 INFO [main] org.apache.catalina.startup.VersionLoggerListener.log Server built:          Aug 2 2024 15:14:43 UTC
24-Aug-2024 20:47:40.859 INFO [main] org.apache.catalina.startup.VersionLoggerListener.log Server version number: 10.1.28.0
24-Aug-2024 20:47:40.860 INFO [main] org.apache.catalina.startup.VersionLoggerListener.log OS Name:               Windows 11
24-Aug-2024 20:47:40.860 INFO [main] org.apache.catalina.startup.VersionLoggerListener.log OS Version:            10.0
24-Aug-2024 20:47:40.860 INFO [main] org.apache.catalina.startup.VersionLoggerListener.log Architecture:          amd64
24-Aug-2024 20:47:40.860 INFO [main] org.apache.catalina.startup.VersionLoggerListener.log Java Home:             C:\Program Files\Java\jdk-22
24-Aug-2024 20:47:40.860 INFO [main] org.apache.catalina.startup.VersionLoggerListener.log JVM Version:           22.0.2+9-70
24-Aug-2024 20:47:40.860 INFO [main] org.apache.catalina.startup.VersionLoggerListener.log JVM Vendor:            Oracle Corporation
24-Aug-2024 20:47:40.860 INFO [main] org.apache.catalina.startup.VersionLoggerListener.log CATALINA_BASE:         C:\Users\eshwarg_700053\IdeaProjects\TodoApp\src\main\java\org\WM
24-Aug-2024 20:47:40.860 INFO [main] org.apache.catalina.startup.VersionLoggerListener.log CATALINA_HOME:         C:\Users\eshwarg_700053\Downloads\apache-tomcat-10.1.28-windows-x64\apache-tomcat-10.1.28
24-Aug-2024 20:47:40.878 INFO [main] org.apache.catalina.startup.VersionLoggerListener.log Command line argument: --add-opens=java.base/java.lang=ALL-UNNAMED
24-Aug-2024 20:47:40.878 INFO [main] org.apache.catalina.startup.VersionLoggerListener.log Command line argument: --add-opens=java.base/java.io=ALL-UNNAMED
24-Aug-2024 20:47:40.878 INFO [main] org.apache.catalina.startup.VersionLoggerListener.log Command line argument: --add-opens=java.base/java.util=ALL-UNNAMED
24-Aug-2024 20:47:40.878 INFO [main] org.apache.catalina.startup.VersionLoggerListener.log Command line argument: --add-opens=java.base/java.util.concurrent=ALL-UNNAMED
24-Aug-2024 20:47:40.878 INFO [main] org.apache.catalina.startup.VersionLoggerListener.log Command line argument: --add-opens=java.rmi/sun.rmi.transport=ALL-UNNAMED
24-Aug-2024 20:47:40.878 INFO [main] org.apache.catalina.startup.VersionLoggerListener.log Command line argument: -Dcatalina.home=C:\Users\eshwarg_700053\Downloads\apache-tomcat-10.1.28-windows-x64\apache-tomcat-10.1.28
24-Aug-2024 20:47:40.878 INFO [main] org.apache.catalina.startup.VersionLoggerListener.log Command line argument: -Dcatalina.base=C:\Users\eshwarg_700053\IdeaProjects\TodoApp\src\main\java\org\WM
24-Aug-2024 20:47:40.878 INFO [main] org.apache.catalina.startup.VersionLoggerListener.log Command line argument: -Djava.io.tmpdir=C:\Users\eshwarg_700053\IdeaProjects\TodoApp\src\main\java\org\WM\temp
24-Aug-2024 20:47:40.878 INFO [main] org.apache.catalina.startup.VersionLoggerListener.log Command line argument: -Djava.util.logging.config.file=C:\Users\eshwarg_700053\IdeaProjects\TodoApp\src\main\java\org\WM\conf\logging.properties
24-Aug-2024 20:47:40.878 INFO [main] org.apache.catalina.startup.VersionLoggerListener.log Command line argument: -Djava.util.logging.manager=org.apache.juli.ClassLoaderLogManager
24-Aug-2024 20:47:40.879 INFO [main] org.apache.catalina.startup.VersionLoggerListener.log Command line argument: -javaagent:C:\Program Files\JetBrains\IntelliJ IDEA Community Edition 2024.2\lib\idea_rt.jar=59093:C:\Program Files\JetBrains\IntelliJ IDEA Community Edition 2024.2\bin
24-Aug-2024 20:47:40.879 INFO [main] org.apache.catalina.startup.VersionLoggerListener.log Command line argument: -Dfile.encoding=UTF-8
24-Aug-2024 20:47:40.879 INFO [main] org.apache.catalina.startup.VersionLoggerListener.log Command line argument: -Dsun.stdout.encoding=UTF-8
24-Aug-2024 20:47:40.879 INFO [main] org.apache.catalina.startup.VersionLoggerListener.log Command line argument: -Dsun.stderr.encoding=UTF-8
24-Aug-2024 20:47:40.886 INFO [main] org.apache.catalina.core.AprLifecycleListener.lifecycleEvent Loaded Apache Tomcat Native library [2.0.8] using APR version [1.7.4].
24-Aug-2024 20:47:40.909 INFO [main] org.apache.catalina.core.AprLifecycleListener.initializeSSL OpenSSL successfully initialized [OpenSSL 3.0.14 4 Jun 2024]
24-Aug-2024 20:47:41.226 INFO [main] org.apache.coyote.AbstractProtocol.init Initializing ProtocolHandler ["http-nio-8080"]
24-Aug-2024 20:47:41.243 INFO [main] org.apache.catalina.startup.Catalina.load Server initialization in [608] milliseconds
24-Aug-2024 20:47:41.332 INFO [main] org.apache.catalina.core.StandardService.startInternal Starting service [Catalina]
24-Aug-2024 20:47:41.332 INFO [main] org.apache.catalina.core.StandardEngine.startInternal Starting Servlet engine: [Apache Tomcat/10.1.28]
24-Aug-2024 20:47:41.350 INFO [main] org.apache.catalina.startup.HostConfig.deployDescriptor Deploying deployment descriptor [C:\Users\eshwarg_700053\IdeaProjects\TodoApp\src\main\java\org\WM\conf\Catalina\localhost\api.xml]
24-Aug-2024 20:47:42.305 INFO [main] org.apache.jasper.servlet.TldScanner.scanJars At least one JAR was scanned for TLDs yet contained no TLDs. Enable debug logging for this logger for a complete list of JARs that were scanned but no TLDs were found in them. Skipping unneeded JARs during scanning can improve startup time and JSP compilation time.
24-Aug-2024 20:47:42.377 INFO [main] org.apache.catalina.startup.HostConfig.deployDescriptor Deployment of deployment descriptor [C:\Users\eshwarg_700053\IdeaProjects\TodoApp\src\main\java\org\WM\conf\Catalina\localhost\api.xml] has finished in [1,026] ms
24-Aug-2024 20:47:42.381 INFO [main] org.apache.coyote.AbstractProtocol.start Starting ProtocolHandler ["http-nio-8080"]
24-Aug-2024 20:47:42.434 INFO [main] org.apache.catalina.startup.Catalina.start Server startup in [1178] milliseconds
24-Aug-2024 20:48:38.911 INFO [Thread-1] org.apache.coyote.AbstractProtocol.pause Pausing ProtocolHandler ["http-nio-8080"]
24-Aug-2024 20:48:38.925 INFO [Thread-1] org.apache.catalina.core.StandardService.stopInternal Stopping service [Catalina]
24-Aug-2024 20:48:38.936 INFO [Thread-1] org.apache.coyote.AbstractProtocol.stop Stopping ProtocolHandler ["http-nio-8080"]
24-Aug-2024 20:48:38.963 INFO [Thread-1] org.apache.coyote.AbstractProtocol.destroy Destroying ProtocolHandler ["http-nio-8080"]
24-Aug-2024 23:03:44.579 INFO [main] org.apache.catalina.startup.VersionLoggerListener.log Server version name:   Apache Tomcat/10.1.28
24-Aug-2024 23:03:44.587 INFO [main] org.apache.catalina.startup.VersionLoggerListener.log Server built:          Aug 2 2024 15:14:43 UTC
24-Aug-2024 23:03:44.587 INFO [main] org.apache.catalina.startup.VersionLoggerListener.log Server version number: 10.1.28.0
24-Aug-2024 23:03:44.587 INFO [main] org.apache.catalina.startup.VersionLoggerListener.log OS Name:               Windows 11
24-Aug-2024 23:03:44.587 INFO [main] org.apache.catalina.startup.VersionLoggerListener.log OS Version:            10.0
24-Aug-2024 23:03:44.588 INFO [main] org.apache.catalina.startup.VersionLoggerListener.log Architecture:          amd64
24-Aug-2024 23:03:44.588 INFO [main] org.apache.catalina.startup.VersionLoggerListener.log Java Home:             C:\Program Files\Java\jdk-22
24-Aug-2024 23:03:44.588 INFO [main] org.apache.catalina.startup.VersionLoggerListener.log JVM Version:           22.0.2+9-70
24-Aug-2024 23:03:44.588 INFO [main] org.apache.catalina.startup.VersionLoggerListener.log JVM Vendor:            Oracle Corporation
24-Aug-2024 23:03:44.588 INFO [main] org.apache.catalina.startup.VersionLoggerListener.log CATALINA_BASE:         C:\Users\eshwarg_700053\IdeaProjects\TodoApp\src\main\java\org\WM
24-Aug-2024 23:03:44.588 INFO [main] org.apache.catalina.startup.VersionLoggerListener.log CATALINA_HOME:         C:\Users\eshwarg_700053\Downloads\apache-tomcat-10.1.28-windows-x64\apache-tomcat-10.1.28
24-Aug-2024 23:03:44.600 INFO [main] org.apache.catalina.startup.VersionLoggerListener.log Command line argument: --add-opens=java.base/java.lang=ALL-UNNAMED
24-Aug-2024 23:03:44.600 INFO [main] org.apache.catalina.startup.VersionLoggerListener.log Command line argument: --add-opens=java.base/java.io=ALL-UNNAMED
24-Aug-2024 23:03:44.600 INFO [main] org.apache.catalina.startup.VersionLoggerListener.log Command line argument: --add-opens=java.base/java.util=ALL-UNNAMED
24-Aug-2024 23:03:44.601 INFO [main] org.apache.catalina.startup.VersionLoggerListener.log Command line argument: --add-opens=java.base/java.util.concurrent=ALL-UNNAMED
24-Aug-2024 23:03:44.601 INFO [main] org.apache.catalina.startup.VersionLoggerListener.log Command line argument: --add-opens=java.rmi/sun.rmi.transport=ALL-UNNAMED
24-Aug-2024 23:03:44.601 INFO [main] org.apache.catalina.startup.VersionLoggerListener.log Command line argument: -Dcatalina.home=C:\Users\eshwarg_700053\Downloads\apache-tomcat-10.1.28-windows-x64\apache-tomcat-10.1.28
24-Aug-2024 23:03:44.601 INFO [main] org.apache.catalina.startup.VersionLoggerListener.log Command line argument: -Dcatalina.base=C:\Users\eshwarg_700053\IdeaProjects\TodoApp\src\main\java\org\WM
24-Aug-2024 23:03:44.601 INFO [main] org.apache.catalina.startup.VersionLoggerListener.log Command line argument: -Djava.io.tmpdir=C:\Users\eshwarg_700053\IdeaProjects\TodoApp\src\main\java\org\WM\temp
24-Aug-2024 23:03:44.601 INFO [main] org.apache.catalina.startup.VersionLoggerListener.log Command line argument: -Djava.util.logging.config.file=C:\Users\eshwarg_700053\IdeaProjects\TodoApp\src\main\java\org\WM\conf\logging.properties
24-Aug-2024 23:03:44.601 INFO [main] org.apache.catalina.startup.VersionLoggerListener.log Command line argument: -Djava.util.logging.manager=org.apache.juli.ClassLoaderLogManager
24-Aug-2024 23:03:44.601 INFO [main] org.apache.catalina.startup.VersionLoggerListener.log Command line argument: -javaagent:C:\Program Files\JetBrains\IntelliJ IDEA Community Edition 2024.2\lib\idea_rt.jar=50433:C:\Program Files\JetBrains\IntelliJ IDEA Community Edition 2024.2\bin
24-Aug-2024 23:03:44.601 INFO [main] org.apache.catalina.startup.VersionLoggerListener.log Command line argument: -Dfile.encoding=UTF-8
24-Aug-2024 23:03:44.601 INFO [main] org.apache.catalina.startup.VersionLoggerListener.log Command line argument: -Dsun.stdout.encoding=UTF-8
24-Aug-2024 23:03:44.601 INFO [main] org.apache.catalina.startup.VersionLoggerListener.log Command line argument: -Dsun.stderr.encoding=UTF-8
24-Aug-2024 23:03:44.697 INFO [main] org.apache.catalina.core.AprLifecycleListener.lifecycleEvent Loaded Apache Tomcat Native library [2.0.8] using APR version [1.7.4].
24-Aug-2024 23:03:44.711 INFO [main] org.apache.catalina.core.AprLifecycleListener.initializeSSL OpenSSL successfully initialized [OpenSSL 3.0.14 4 Jun 2024]
24-Aug-2024 23:03:45.038 INFO [main] org.apache.coyote.AbstractProtocol.init Initializing ProtocolHandler ["http-nio-8080"]
24-Aug-2024 23:03:45.060 INFO [main] org.apache.catalina.startup.Catalina.load Server initialization in [683] milliseconds
24-Aug-2024 23:03:45.109 INFO [main] org.apache.catalina.core.StandardService.startInternal Starting service [Catalina]
24-Aug-2024 23:03:45.109 INFO [main] org.apache.catalina.core.StandardEngine.startInternal Starting Servlet engine: [Apache Tomcat/10.1.28]
24-Aug-2024 23:03:45.122 INFO [main] org.apache.catalina.startup.HostConfig.deployDescriptor Deploying deployment descriptor [C:\Users\eshwarg_700053\IdeaProjects\TodoApp\src\main\java\org\WM\conf\Catalina\localhost\api.xml]
24-Aug-2024 23:03:46.110 INFO [main] org.apache.jasper.servlet.TldScanner.scanJars At least one JAR was scanned for TLDs yet contained no TLDs. Enable debug logging for this logger for a complete list of JARs that were scanned but no TLDs were found in them. Skipping unneeded JARs during scanning can improve startup time and JSP compilation time.
24-Aug-2024 23:03:46.169 INFO [main] org.apache.catalina.startup.HostConfig.deployDescriptor Deployment of deployment descriptor [C:\Users\eshwarg_700053\IdeaProjects\TodoApp\src\main\java\org\WM\conf\Catalina\localhost\api.xml] has finished in [1,051] ms
24-Aug-2024 23:03:46.174 INFO [main] org.apache.coyote.AbstractProtocol.start Starting ProtocolHandler ["http-nio-8080"]
24-Aug-2024 23:03:46.220 INFO [main] org.apache.catalina.startup.Catalina.start Server startup in [1158] milliseconds
24-Aug-2024 23:10:19.008 INFO [Thread-1] org.apache.coyote.AbstractProtocol.pause Pausing ProtocolHandler ["http-nio-8080"]
24-Aug-2024 23:10:19.021 INFO [Thread-1] org.apache.catalina.core.StandardService.stopInternal Stopping service [Catalina]
24-Aug-2024 23:10:19.037 INFO [Thread-1] org.apache.coyote.AbstractProtocol.stop Stopping ProtocolHandler ["http-nio-8080"]
24-Aug-2024 23:10:19.051 INFO [Thread-1] org.apache.coyote.AbstractProtocol.destroy Destroying ProtocolHandler ["http-nio-8080"]
24-Aug-2024 23:10:22.440 INFO [main] org.apache.catalina.startup.VersionLoggerListener.log Server version name:   Apache Tomcat/10.1.28
24-Aug-2024 23:10:22.444 INFO [main] org.apache.catalina.startup.VersionLoggerListener.log Server built:          Aug 2 2024 15:14:43 UTC
24-Aug-2024 23:10:22.444 INFO [main] org.apache.catalina.startup.VersionLoggerListener.log Server version number: 10.1.28.0
24-Aug-2024 23:10:22.444 INFO [main] org.apache.catalina.startup.VersionLoggerListener.log OS Name:               Windows 11
24-Aug-2024 23:10:22.444 INFO [main] org.apache.catalina.startup.VersionLoggerListener.log OS Version:            10.0
24-Aug-2024 23:10:22.444 INFO [main] org.apache.catalina.startup.VersionLoggerListener.log Architecture:          amd64
24-Aug-2024 23:10:22.444 INFO [main] org.apache.catalina.startup.VersionLoggerListener.log Java Home:             C:\Program Files\Java\jdk-22
24-Aug-2024 23:10:22.444 INFO [main] org.apache.catalina.startup.VersionLoggerListener.log JVM Version:           22.0.2+9-70
24-Aug-2024 23:10:22.444 INFO [main] org.apache.catalina.startup.VersionLoggerListener.log JVM Vendor:            Oracle Corporation
24-Aug-2024 23:10:22.444 INFO [main] org.apache.catalina.startup.VersionLoggerListener.log CATALINA_BASE:         C:\Users\eshwarg_700053\IdeaProjects\TodoApp\src\main\java\org\WM
24-Aug-2024 23:10:22.445 INFO [main] org.apache.catalina.startup.VersionLoggerListener.log CATALINA_HOME:         C:\Users\eshwarg_700053\Downloads\apache-tomcat-10.1.28-windows-x64\apache-tomcat-10.1.28
24-Aug-2024 23:10:22.459 INFO [main] org.apache.catalina.startup.VersionLoggerListener.log Command line argument: --add-opens=java.base/java.lang=ALL-UNNAMED
24-Aug-2024 23:10:22.459 INFO [main] org.apache.catalina.startup.VersionLoggerListener.log Command line argument: --add-opens=java.base/java.io=ALL-UNNAMED
24-Aug-2024 23:10:22.459 INFO [main] org.apache.catalina.startup.VersionLoggerListener.log Command line argument: --add-opens=java.base/java.util=ALL-UNNAMED
24-Aug-2024 23:10:22.459 INFO [main] org.apache.catalina.startup.VersionLoggerListener.log Command line argument: --add-opens=java.base/java.util.concurrent=ALL-UNNAMED
24-Aug-2024 23:10:22.459 INFO [main] org.apache.catalina.startup.VersionLoggerListener.log Command line argument: --add-opens=java.rmi/sun.rmi.transport=ALL-UNNAMED
24-Aug-2024 23:10:22.459 INFO [main] org.apache.catalina.startup.VersionLoggerListener.log Command line argument: -Dcatalina.home=C:\Users\eshwarg_700053\Downloads\apache-tomcat-10.1.28-windows-x64\apache-tomcat-10.1.28
24-Aug-2024 23:10:22.459 INFO [main] org.apache.catalina.startup.VersionLoggerListener.log Command line argument: -Dcatalina.base=C:\Users\eshwarg_700053\IdeaProjects\TodoApp\src\main\java\org\WM
24-Aug-2024 23:10:22.460 INFO [main] org.apache.catalina.startup.VersionLoggerListener.log Command line argument: -Djava.io.tmpdir=C:\Users\eshwarg_700053\IdeaProjects\TodoApp\src\main\java\org\WM\temp
24-Aug-2024 23:10:22.460 INFO [main] org.apache.catalina.startup.VersionLoggerListener.log Command line argument: -Djava.util.logging.config.file=C:\Users\eshwarg_700053\IdeaProjects\TodoApp\src\main\java\org\WM\conf\logging.properties
24-Aug-2024 23:10:22.460 INFO [main] org.apache.catalina.startup.VersionLoggerListener.log Command line argument: -Djava.util.logging.manager=org.apache.juli.ClassLoaderLogManager
24-Aug-2024 23:10:22.460 INFO [main] org.apache.catalina.startup.VersionLoggerListener.log Command line argument: -javaagent:C:\Program Files\JetBrains\IntelliJ IDEA Community Edition 2024.2\lib\idea_rt.jar=50484:C:\Program Files\JetBrains\IntelliJ IDEA Community Edition 2024.2\bin
24-Aug-2024 23:10:22.460 INFO [main] org.apache.catalina.startup.VersionLoggerListener.log Command line argument: -Dfile.encoding=UTF-8
24-Aug-2024 23:10:22.460 INFO [main] org.apache.catalina.startup.VersionLoggerListener.log Command line argument: -Dsun.stdout.encoding=UTF-8
24-Aug-2024 23:10:22.460 INFO [main] org.apache.catalina.startup.VersionLoggerListener.log Command line argument: -Dsun.stderr.encoding=UTF-8
24-Aug-2024 23:10:22.465 INFO [main] org.apache.catalina.core.AprLifecycleListener.lifecycleEvent Loaded Apache Tomcat Native library [2.0.8] using APR version [1.7.4].
24-Aug-2024 23:10:22.479 INFO [main] org.apache.catalina.core.AprLifecycleListener.initializeSSL OpenSSL successfully initialized [OpenSSL 3.0.14 4 Jun 2024]
24-Aug-2024 23:10:22.736 INFO [main] org.apache.coyote.AbstractProtocol.init Initializing ProtocolHandler ["http-nio-8080"]
24-Aug-2024 23:10:22.756 INFO [main] org.apache.catalina.startup.Catalina.load Server initialization in [505] milliseconds
24-Aug-2024 23:10:22.803 INFO [main] org.apache.catalina.core.StandardService.startInternal Starting service [Catalina]
24-Aug-2024 23:10:22.803 INFO [main] org.apache.catalina.core.StandardEngine.startInternal Starting Servlet engine: [Apache Tomcat/10.1.28]
24-Aug-2024 23:10:22.814 INFO [main] org.apache.catalina.startup.HostConfig.deployDescriptor Deploying deployment descriptor [C:\Users\eshwarg_700053\IdeaProjects\TodoApp\src\main\java\org\WM\conf\Catalina\localhost\api.xml]
24-Aug-2024 23:10:23.641 INFO [main] org.apache.jasper.servlet.TldScanner.scanJars At least one JAR was scanned for TLDs yet contained no TLDs. Enable debug logging for this logger for a complete list of JARs that were scanned but no TLDs were found in them. Skipping unneeded JARs during scanning can improve startup time and JSP compilation time.
24-Aug-2024 23:10:23.696 INFO [main] org.apache.catalina.startup.HostConfig.deployDescriptor Deployment of deployment descriptor [C:\Users\eshwarg_700053\IdeaProjects\TodoApp\src\main\java\org\WM\conf\Catalina\localhost\api.xml] has finished in [881] ms
24-Aug-2024 23:10:23.702 INFO [main] org.apache.coyote.AbstractProtocol.start Starting ProtocolHandler ["http-nio-8080"]
24-Aug-2024 23:10:23.743 INFO [main] org.apache.catalina.startup.Catalina.start Server startup in [986] milliseconds
24-Aug-2024 23:11:48.331 INFO [Thread-1] org.apache.coyote.AbstractProtocol.pause Pausing ProtocolHandler ["http-nio-8080"]
24-Aug-2024 23:11:48.344 INFO [Thread-1] org.apache.catalina.core.StandardService.stopInternal Stopping service [Catalina]
24-Aug-2024 23:11:48.355 INFO [Thread-1] org.apache.coyote.AbstractProtocol.stop Stopping ProtocolHandler ["http-nio-8080"]
24-Aug-2024 23:11:48.371 INFO [Thread-1] org.apache.coyote.AbstractProtocol.destroy Destroying ProtocolHandler ["http-nio-8080"]
24-Aug-2024 23:11:51.279 INFO [main] org.apache.catalina.startup.VersionLoggerListener.log Server version name:   Apache Tomcat/10.1.28
24-Aug-2024 23:11:51.285 INFO [main] org.apache.catalina.startup.VersionLoggerListener.log Server built:          Aug 2 2024 15:14:43 UTC
24-Aug-2024 23:11:51.285 INFO [main] org.apache.catalina.startup.VersionLoggerListener.log Server version number: 10.1.28.0
24-Aug-2024 23:11:51.285 INFO [main] org.apache.catalina.startup.VersionLoggerListener.log OS Name:               Windows 11
24-Aug-2024 23:11:51.285 INFO [main] org.apache.catalina.startup.VersionLoggerListener.log OS Version:            10.0
24-Aug-2024 23:11:51.285 INFO [main] org.apache.catalina.startup.VersionLoggerListener.log Architecture:          amd64
24-Aug-2024 23:11:51.285 INFO [main] org.apache.catalina.startup.VersionLoggerListener.log Java Home:             C:\Program Files\Java\jdk-22
24-Aug-2024 23:11:51.285 INFO [main] org.apache.catalina.startup.VersionLoggerListener.log JVM Version:           22.0.2+9-70
24-Aug-2024 23:11:51.285 INFO [main] org.apache.catalina.startup.VersionLoggerListener.log JVM Vendor:            Oracle Corporation
24-Aug-2024 23:11:51.286 INFO [main] org.apache.catalina.startup.VersionLoggerListener.log CATALINA_BASE:         C:\Users\eshwarg_700053\IdeaProjects\TodoApp\src\main\java\org\WM
24-Aug-2024 23:11:51.286 INFO [main] org.apache.catalina.startup.VersionLoggerListener.log CATALINA_HOME:         C:\Users\eshwarg_700053\Downloads\apache-tomcat-10.1.28-windows-x64\apache-tomcat-10.1.28
24-Aug-2024 23:11:51.300 INFO [main] org.apache.catalina.startup.VersionLoggerListener.log Command line argument: --add-opens=java.base/java.lang=ALL-UNNAMED
24-Aug-2024 23:11:51.300 INFO [main] org.apache.catalina.startup.VersionLoggerListener.log Command line argument: --add-opens=java.base/java.io=ALL-UNNAMED
24-Aug-2024 23:11:51.300 INFO [main] org.apache.catalina.startup.VersionLoggerListener.log Command line argument: --add-opens=java.base/java.util=ALL-UNNAMED
24-Aug-2024 23:11:51.300 INFO [main] org.apache.catalina.startup.VersionLoggerListener.log Command line argument: --add-opens=java.base/java.util.concurrent=ALL-UNNAMED
24-Aug-2024 23:11:51.300 INFO [main] org.apache.catalina.startup.VersionLoggerListener.log Command line argument: --add-opens=java.rmi/sun.rmi.transport=ALL-UNNAMED
24-Aug-2024 23:11:51.300 INFO [main] org.apache.catalina.startup.VersionLoggerListener.log Command line argument: -Dcatalina.home=C:\Users\eshwarg_700053\Downloads\apache-tomcat-10.1.28-windows-x64\apache-tomcat-10.1.28
24-Aug-2024 23:11:51.300 INFO [main] org.apache.catalina.startup.VersionLoggerListener.log Command line argument: -Dcatalina.base=C:\Users\eshwarg_700053\IdeaProjects\TodoApp\src\main\java\org\WM
24-Aug-2024 23:11:51.300 INFO [main] org.apache.catalina.startup.VersionLoggerListener.log Command line argument: -Djava.io.tmpdir=C:\Users\eshwarg_700053\IdeaProjects\TodoApp\src\main\java\org\WM\temp
24-Aug-2024 23:11:51.300 INFO [main] org.apache.catalina.startup.VersionLoggerListener.log Command line argument: -Djava.util.logging.config.file=C:\Users\eshwarg_700053\IdeaProjects\TodoApp\src\main\java\org\WM\conf\logging.properties
24-Aug-2024 23:11:51.301 INFO [main] org.apache.catalina.startup.VersionLoggerListener.log Command line argument: -Djava.util.logging.manager=org.apache.juli.ClassLoaderLogManager
24-Aug-2024 23:11:51.301 INFO [main] org.apache.catalina.startup.VersionLoggerListener.log Command line argument: -javaagent:C:\Program Files\JetBrains\IntelliJ IDEA Community Edition 2024.2\lib\idea_rt.jar=50497:C:\Program Files\JetBrains\IntelliJ IDEA Community Edition 2024.2\bin
24-Aug-2024 23:11:51.301 INFO [main] org.apache.catalina.startup.VersionLoggerListener.log Command line argument: -Dfile.encoding=UTF-8
24-Aug-2024 23:11:51.301 INFO [main] org.apache.catalina.startup.VersionLoggerListener.log Command line argument: -Dsun.stdout.encoding=UTF-8
24-Aug-2024 23:11:51.301 INFO [main] org.apache.catalina.startup.VersionLoggerListener.log Command line argument: -Dsun.stderr.encoding=UTF-8
24-Aug-2024 23:11:51.306 INFO [main] org.apache.catalina.core.AprLifecycleListener.lifecycleEvent Loaded Apache Tomcat Native library [2.0.8] using APR version [1.7.4].
24-Aug-2024 23:11:51.319 INFO [main] org.apache.catalina.core.AprLifecycleListener.initializeSSL OpenSSL successfully initialized [OpenSSL 3.0.14 4 Jun 2024]
24-Aug-2024 23:11:51.668 INFO [main] org.apache.coyote.AbstractProtocol.init Initializing ProtocolHandler ["http-nio-8080"]
24-Aug-2024 23:11:51.701 INFO [main] org.apache.catalina.startup.Catalina.load Server initialization in [618] milliseconds
24-Aug-2024 23:11:51.771 INFO [main] org.apache.catalina.core.StandardService.startInternal Starting service [Catalina]
24-Aug-2024 23:11:51.771 INFO [main] org.apache.catalina.core.StandardEngine.startInternal Starting Servlet engine: [Apache Tomcat/10.1.28]
24-Aug-2024 23:11:51.790 INFO [main] org.apache.catalina.startup.HostConfig.deployDescriptor Deploying deployment descriptor [C:\Users\eshwarg_700053\IdeaProjects\TodoApp\src\main\java\org\WM\conf\Catalina\localhost\api.xml]
24-Aug-2024 23:11:52.619 INFO [main] org.apache.jasper.servlet.TldScanner.scanJars At least one JAR was scanned for TLDs yet contained no TLDs. Enable debug logging for this logger for a complete list of JARs that were scanned but no TLDs were found in them. Skipping unneeded JARs during scanning can improve startup time and JSP compilation time.
24-Aug-2024 23:11:52.669 INFO [main] org.apache.catalina.startup.HostConfig.deployDescriptor Deployment of deployment descriptor [C:\Users\eshwarg_700053\IdeaProjects\TodoApp\src\main\java\org\WM\conf\Catalina\localhost\api.xml] has finished in [878] ms
24-Aug-2024 23:11:52.674 INFO [main] org.apache.coyote.AbstractProtocol.start Starting ProtocolHandler ["http-nio-8080"]
24-Aug-2024 23:11:52.712 INFO [main] org.apache.catalina.startup.Catalina.start Server startup in [1009] milliseconds
24-Aug-2024 23:12:57.071 INFO [Thread-1] org.apache.coyote.AbstractProtocol.pause Pausing ProtocolHandler ["http-nio-8080"]
24-Aug-2024 23:12:57.083 INFO [Thread-1] org.apache.catalina.core.StandardService.stopInternal Stopping service [Catalina]
24-Aug-2024 23:12:57.095 INFO [Thread-1] org.apache.coyote.AbstractProtocol.stop Stopping ProtocolHandler ["http-nio-8080"]
24-Aug-2024 23:12:57.120 INFO [Thread-1] org.apache.coyote.AbstractProtocol.destroy Destroying ProtocolHandler ["http-nio-8080"]
24-Aug-2024 23:13:00.153 INFO [main] org.apache.catalina.startup.VersionLoggerListener.log Server version name:   Apache Tomcat/10.1.28
24-Aug-2024 23:13:00.157 INFO [main] org.apache.catalina.startup.VersionLoggerListener.log Server built:          Aug 2 2024 15:14:43 UTC
24-Aug-2024 23:13:00.157 INFO [main] org.apache.catalina.startup.VersionLoggerListener.log Server version number: 10.1.28.0
24-Aug-2024 23:13:00.157 INFO [main] org.apache.catalina.startup.VersionLoggerListener.log OS Name:               Windows 11
24-Aug-2024 23:13:00.157 INFO [main] org.apache.catalina.startup.VersionLoggerListener.log OS Version:            10.0
24-Aug-2024 23:13:00.157 INFO [main] org.apache.catalina.startup.VersionLoggerListener.log Architecture:          amd64
24-Aug-2024 23:13:00.157 INFO [main] org.apache.catalina.startup.VersionLoggerListener.log Java Home:             C:\Program Files\Java\jdk-22
24-Aug-2024 23:13:00.157 INFO [main] org.apache.catalina.startup.VersionLoggerListener.log JVM Version:           22.0.2+9-70
24-Aug-2024 23:13:00.159 INFO [main] org.apache.catalina.startup.VersionLoggerListener.log JVM Vendor:            Oracle Corporation
24-Aug-2024 23:13:00.159 INFO [main] org.apache.catalina.startup.VersionLoggerListener.log CATALINA_BASE:         C:\Users\eshwarg_700053\IdeaProjects\TodoApp\src\main\java\org\WM
24-Aug-2024 23:13:00.159 INFO [main] org.apache.catalina.startup.VersionLoggerListener.log CATALINA_HOME:         C:\Users\eshwarg_700053\Downloads\apache-tomcat-10.1.28-windows-x64\apache-tomcat-10.1.28
24-Aug-2024 23:13:00.175 INFO [main] org.apache.catalina.startup.VersionLoggerListener.log Command line argument: --add-opens=java.base/java.lang=ALL-UNNAMED
24-Aug-2024 23:13:00.175 INFO [main] org.apache.catalina.startup.VersionLoggerListener.log Command line argument: --add-opens=java.base/java.io=ALL-UNNAMED
24-Aug-2024 23:13:00.176 INFO [main] org.apache.catalina.startup.VersionLoggerListener.log Command line argument: --add-opens=java.base/java.util=ALL-UNNAMED
24-Aug-2024 23:13:00.176 INFO [main] org.apache.catalina.startup.VersionLoggerListener.log Command line argument: --add-opens=java.base/java.util.concurrent=ALL-UNNAMED
24-Aug-2024 23:13:00.176 INFO [main] org.apache.catalina.startup.VersionLoggerListener.log Command line argument: --add-opens=java.rmi/sun.rmi.transport=ALL-UNNAMED
24-Aug-2024 23:13:00.176 INFO [main] org.apache.catalina.startup.VersionLoggerListener.log Command line argument: -Dcatalina.home=C:\Users\eshwarg_700053\Downloads\apache-tomcat-10.1.28-windows-x64\apache-tomcat-10.1.28
24-Aug-2024 23:13:00.176 INFO [main] org.apache.catalina.startup.VersionLoggerListener.log Command line argument: -Dcatalina.base=C:\Users\eshwarg_700053\IdeaProjects\TodoApp\src\main\java\org\WM
24-Aug-2024 23:13:00.176 INFO [main] org.apache.catalina.startup.VersionLoggerListener.log Command line argument: -Djava.io.tmpdir=C:\Users\eshwarg_700053\IdeaProjects\TodoApp\src\main\java\org\WM\temp
24-Aug-2024 23:13:00.176 INFO [main] org.apache.catalina.startup.VersionLoggerListener.log Command line argument: -Djava.util.logging.config.file=C:\Users\eshwarg_700053\IdeaProjects\TodoApp\src\main\java\org\WM\conf\logging.properties
24-Aug-2024 23:13:00.176 INFO [main] org.apache.catalina.startup.VersionLoggerListener.log Command line argument: -Djava.util.logging.manager=org.apache.juli.ClassLoaderLogManager
24-Aug-2024 23:13:00.176 INFO [main] org.apache.catalina.startup.VersionLoggerListener.log Command line argument: -javaagent:C:\Program Files\JetBrains\IntelliJ IDEA Community Edition 2024.2\lib\idea_rt.jar=50510:C:\Program Files\JetBrains\IntelliJ IDEA Community Edition 2024.2\bin
24-Aug-2024 23:13:00.176 INFO [main] org.apache.catalina.startup.VersionLoggerListener.log Command line argument: -Dfile.encoding=UTF-8
24-Aug-2024 23:13:00.176 INFO [main] org.apache.catalina.startup.VersionLoggerListener.log Command line argument: -Dsun.stdout.encoding=UTF-8
24-Aug-2024 23:13:00.176 INFO [main] org.apache.catalina.startup.VersionLoggerListener.log Command line argument: -Dsun.stderr.encoding=UTF-8
24-Aug-2024 23:13:00.180 INFO [main] org.apache.catalina.core.AprLifecycleListener.lifecycleEvent Loaded Apache Tomcat Native library [2.0.8] using APR version [1.7.4].
24-Aug-2024 23:13:00.196 INFO [main] org.apache.catalina.core.AprLifecycleListener.initializeSSL OpenSSL successfully initialized [OpenSSL 3.0.14 4 Jun 2024]
24-Aug-2024 23:13:00.502 INFO [main] org.apache.coyote.AbstractProtocol.init Initializing ProtocolHandler ["http-nio-8080"]
24-Aug-2024 23:13:00.520 INFO [main] org.apache.catalina.startup.Catalina.load Server initialization in [560] milliseconds
24-Aug-2024 23:13:00.566 INFO [main] org.apache.catalina.core.StandardService.startInternal Starting service [Catalina]
24-Aug-2024 23:13:00.566 INFO [main] org.apache.catalina.core.StandardEngine.startInternal Starting Servlet engine: [Apache Tomcat/10.1.28]
24-Aug-2024 23:13:00.579 INFO [main] org.apache.catalina.startup.HostConfig.deployDescriptor Deploying deployment descriptor [C:\Users\eshwarg_700053\IdeaProjects\TodoApp\src\main\java\org\WM\conf\Catalina\localhost\api.xml]
24-Aug-2024 23:13:01.530 INFO [main] org.apache.jasper.servlet.TldScanner.scanJars At least one JAR was scanned for TLDs yet contained no TLDs. Enable debug logging for this logger for a complete list of JARs that were scanned but no TLDs were found in them. Skipping unneeded JARs during scanning can improve startup time and JSP compilation time.
24-Aug-2024 23:13:01.597 INFO [main] org.apache.catalina.startup.HostConfig.deployDescriptor Deployment of deployment descriptor [C:\Users\eshwarg_700053\IdeaProjects\TodoApp\src\main\java\org\WM\conf\Catalina\localhost\api.xml] has finished in [1,017] ms
24-Aug-2024 23:13:01.604 INFO [main] org.apache.coyote.AbstractProtocol.start Starting ProtocolHandler ["http-nio-8080"]
24-Aug-2024 23:13:01.658 INFO [main] org.apache.catalina.startup.Catalina.start Server startup in [1137] milliseconds
24-Aug-2024 23:13:24.096 INFO [Thread-1] org.apache.coyote.AbstractProtocol.pause Pausing ProtocolHandler ["http-nio-8080"]
24-Aug-2024 23:13:24.109 INFO [Thread-1] org.apache.catalina.core.StandardService.stopInternal Stopping service [Catalina]
24-Aug-2024 23:13:24.119 INFO [Thread-1] org.apache.coyote.AbstractProtocol.stop Stopping ProtocolHandler ["http-nio-8080"]
24-Aug-2024 23:13:24.132 INFO [Thread-1] org.apache.coyote.AbstractProtocol.destroy Destroying ProtocolHandler ["http-nio-8080"]
24-Aug-2024 23:13:27.288 INFO [main] org.apache.catalina.startup.VersionLoggerListener.log Server version name:   Apache Tomcat/10.1.28
24-Aug-2024 23:13:27.291 INFO [main] org.apache.catalina.startup.VersionLoggerListener.log Server built:          Aug 2 2024 15:14:43 UTC
24-Aug-2024 23:13:27.291 INFO [main] org.apache.catalina.startup.VersionLoggerListener.log Server version number: 10.1.28.0
24-Aug-2024 23:13:27.291 INFO [main] org.apache.catalina.startup.VersionLoggerListener.log OS Name:               Windows 11
24-Aug-2024 23:13:27.291 INFO [main] org.apache.catalina.startup.VersionLoggerListener.log OS Version:            10.0
24-Aug-2024 23:13:27.291 INFO [main] org.apache.catalina.startup.VersionLoggerListener.log Architecture:          amd64
24-Aug-2024 23:13:27.291 INFO [main] org.apache.catalina.startup.VersionLoggerListener.log Java Home:             C:\Program Files\Java\jdk-22
24-Aug-2024 23:13:27.291 INFO [main] org.apache.catalina.startup.VersionLoggerListener.log JVM Version:           22.0.2+9-70
24-Aug-2024 23:13:27.291 INFO [main] org.apache.catalina.startup.VersionLoggerListener.log JVM Vendor:            Oracle Corporation
24-Aug-2024 23:13:27.291 INFO [main] org.apache.catalina.startup.VersionLoggerListener.log CATALINA_BASE:         C:\Users\eshwarg_700053\IdeaProjects\TodoApp\src\main\java\org\WM
24-Aug-2024 23:13:27.292 INFO [main] org.apache.catalina.startup.VersionLoggerListener.log CATALINA_HOME:         C:\Users\eshwarg_700053\Downloads\apache-tomcat-10.1.28-windows-x64\apache-tomcat-10.1.28
24-Aug-2024 23:13:27.306 INFO [main] org.apache.catalina.startup.VersionLoggerListener.log Command line argument: --add-opens=java.base/java.lang=ALL-UNNAMED
24-Aug-2024 23:13:27.306 INFO [main] org.apache.catalina.startup.VersionLoggerListener.log Command line argument: --add-opens=java.base/java.io=ALL-UNNAMED
24-Aug-2024 23:13:27.306 INFO [main] org.apache.catalina.startup.VersionLoggerListener.log Command line argument: --add-opens=java.base/java.util=ALL-UNNAMED
24-Aug-2024 23:13:27.306 INFO [main] org.apache.catalina.startup.VersionLoggerListener.log Command line argument: --add-opens=java.base/java.util.concurrent=ALL-UNNAMED
24-Aug-2024 23:13:27.306 INFO [main] org.apache.catalina.startup.VersionLoggerListener.log Command line argument: --add-opens=java.rmi/sun.rmi.transport=ALL-UNNAMED
24-Aug-2024 23:13:27.306 INFO [main] org.apache.catalina.startup.VersionLoggerListener.log Command line argument: -Dcatalina.home=C:\Users\eshwarg_700053\Downloads\apache-tomcat-10.1.28-windows-x64\apache-tomcat-10.1.28
24-Aug-2024 23:13:27.306 INFO [main] org.apache.catalina.startup.VersionLoggerListener.log Command line argument: -Dcatalina.base=C:\Users\eshwarg_700053\IdeaProjects\TodoApp\src\main\java\org\WM
24-Aug-2024 23:13:27.307 INFO [main] org.apache.catalina.startup.VersionLoggerListener.log Command line argument: -Djava.io.tmpdir=C:\Users\eshwarg_700053\IdeaProjects\TodoApp\src\main\java\org\WM\temp
24-Aug-2024 23:13:27.307 INFO [main] org.apache.catalina.startup.VersionLoggerListener.log Command line argument: -Djava.util.logging.config.file=C:\Users\eshwarg_700053\IdeaProjects\TodoApp\src\main\java\org\WM\conf\logging.properties
24-Aug-2024 23:13:27.307 INFO [main] org.apache.catalina.startup.VersionLoggerListener.log Command line argument: -Djava.util.logging.manager=org.apache.juli.ClassLoaderLogManager
24-Aug-2024 23:13:27.307 INFO [main] org.apache.catalina.startup.VersionLoggerListener.log Command line argument: -javaagent:C:\Program Files\JetBrains\IntelliJ IDEA Community Edition 2024.2\lib\idea_rt.jar=50515:C:\Program Files\JetBrains\IntelliJ IDEA Community Edition 2024.2\bin
24-Aug-2024 23:13:27.307 INFO [main] org.apache.catalina.startup.VersionLoggerListener.log Command line argument: -Dfile.encoding=UTF-8
24-Aug-2024 23:13:27.307 INFO [main] org.apache.catalina.startup.VersionLoggerListener.log Command line argument: -Dsun.stdout.encoding=UTF-8
24-Aug-2024 23:13:27.307 INFO [main] org.apache.catalina.startup.VersionLoggerListener.log Command line argument: -Dsun.stderr.encoding=UTF-8
24-Aug-2024 23:13:27.311 INFO [main] org.apache.catalina.core.AprLifecycleListener.lifecycleEvent Loaded Apache Tomcat Native library [2.0.8] using APR version [1.7.4].
24-Aug-2024 23:13:27.326 INFO [main] org.apache.catalina.core.AprLifecycleListener.initializeSSL OpenSSL successfully initialized [OpenSSL 3.0.14 4 Jun 2024]
24-Aug-2024 23:13:27.630 INFO [main] org.apache.coyote.AbstractProtocol.init Initializing ProtocolHandler ["http-nio-8080"]
24-Aug-2024 23:13:27.651 INFO [main] org.apache.catalina.startup.Catalina.load Server initialization in [556] milliseconds
24-Aug-2024 23:13:27.696 INFO [main] org.apache.catalina.core.StandardService.startInternal Starting service [Catalina]
24-Aug-2024 23:13:27.697 INFO [main] org.apache.catalina.core.StandardEngine.startInternal Starting Servlet engine: [Apache Tomcat/10.1.28]
24-Aug-2024 23:13:27.709 INFO [main] org.apache.catalina.startup.HostConfig.deployDescriptor Deploying deployment descriptor [C:\Users\eshwarg_700053\IdeaProjects\TodoApp\src\main\java\org\WM\conf\Catalina\localhost\api.xml]
24-Aug-2024 23:13:28.559 INFO [main] org.apache.jasper.servlet.TldScanner.scanJars At least one JAR was scanned for TLDs yet contained no TLDs. Enable debug logging for this logger for a complete list of JARs that were scanned but no TLDs were found in them. Skipping unneeded JARs during scanning can improve startup time and JSP compilation time.
24-Aug-2024 23:13:28.617 INFO [main] org.apache.catalina.startup.HostConfig.deployDescriptor Deployment of deployment descriptor [C:\Users\eshwarg_700053\IdeaProjects\TodoApp\src\main\java\org\WM\conf\Catalina\localhost\api.xml] has finished in [907] ms
24-Aug-2024 23:13:28.620 INFO [main] org.apache.coyote.AbstractProtocol.start Starting ProtocolHandler ["http-nio-8080"]
24-Aug-2024 23:13:28.656 INFO [main] org.apache.catalina.startup.Catalina.start Server startup in [1003] milliseconds
24-Aug-2024 23:14:47.108 INFO [Thread-1] org.apache.coyote.AbstractProtocol.pause Pausing ProtocolHandler ["http-nio-8080"]
24-Aug-2024 23:14:47.123 INFO [Thread-1] org.apache.catalina.core.StandardService.stopInternal Stopping service [Catalina]
24-Aug-2024 23:14:47.137 INFO [Thread-1] org.apache.coyote.AbstractProtocol.stop Stopping ProtocolHandler ["http-nio-8080"]
24-Aug-2024 23:14:47.154 INFO [Thread-1] org.apache.coyote.AbstractProtocol.destroy Destroying ProtocolHandler ["http-nio-8080"]
24-Aug-2024 23:14:49.521 INFO [main] org.apache.catalina.startup.VersionLoggerListener.log Server version name:   Apache Tomcat/10.1.28
24-Aug-2024 23:14:49.524 INFO [main] org.apache.catalina.startup.VersionLoggerListener.log Server built:          Aug 2 2024 15:14:43 UTC
24-Aug-2024 23:14:49.525 INFO [main] org.apache.catalina.startup.VersionLoggerListener.log Server version number: 10.1.28.0
24-Aug-2024 23:14:49.525 INFO [main] org.apache.catalina.startup.VersionLoggerListener.log OS Name:               Windows 11
24-Aug-2024 23:14:49.525 INFO [main] org.apache.catalina.startup.VersionLoggerListener.log OS Version:            10.0
24-Aug-2024 23:14:49.525 INFO [main] org.apache.catalina.startup.VersionLoggerListener.log Architecture:          amd64
24-Aug-2024 23:14:49.525 INFO [main] org.apache.catalina.startup.VersionLoggerListener.log Java Home:             C:\Program Files\Java\jdk-22
24-Aug-2024 23:14:49.525 INFO [main] org.apache.catalina.startup.VersionLoggerListener.log JVM Version:           22.0.2+9-70
24-Aug-2024 23:14:49.525 INFO [main] org.apache.catalina.startup.VersionLoggerListener.log JVM Vendor:            Oracle Corporation
24-Aug-2024 23:14:49.526 INFO [main] org.apache.catalina.startup.VersionLoggerListener.log CATALINA_BASE:         C:\Users\eshwarg_700053\IdeaProjects\TodoApp\src\main\java\org\WM
24-Aug-2024 23:14:49.526 INFO [main] org.apache.catalina.startup.VersionLoggerListener.log CATALINA_HOME:         C:\Users\eshwarg_700053\Downloads\apache-tomcat-10.1.28-windows-x64\apache-tomcat-10.1.28
24-Aug-2024 23:14:49.545 INFO [main] org.apache.catalina.startup.VersionLoggerListener.log Command line argument: --add-opens=java.base/java.lang=ALL-UNNAMED
24-Aug-2024 23:14:49.545 INFO [main] org.apache.catalina.startup.VersionLoggerListener.log Command line argument: --add-opens=java.base/java.io=ALL-UNNAMED
24-Aug-2024 23:14:49.545 INFO [main] org.apache.catalina.startup.VersionLoggerListener.log Command line argument: --add-opens=java.base/java.util=ALL-UNNAMED
24-Aug-2024 23:14:49.545 INFO [main] org.apache.catalina.startup.VersionLoggerListener.log Command line argument: --add-opens=java.base/java.util.concurrent=ALL-UNNAMED
24-Aug-2024 23:14:49.545 INFO [main] org.apache.catalina.startup.VersionLoggerListener.log Command line argument: --add-opens=java.rmi/sun.rmi.transport=ALL-UNNAMED
24-Aug-2024 23:14:49.545 INFO [main] org.apache.catalina.startup.VersionLoggerListener.log Command line argument: -Dcatalina.home=C:\Users\eshwarg_700053\Downloads\apache-tomcat-10.1.28-windows-x64\apache-tomcat-10.1.28
24-Aug-2024 23:14:49.545 INFO [main] org.apache.catalina.startup.VersionLoggerListener.log Command line argument: -Dcatalina.base=C:\Users\eshwarg_700053\IdeaProjects\TodoApp\src\main\java\org\WM
24-Aug-2024 23:14:49.545 INFO [main] org.apache.catalina.startup.VersionLoggerListener.log Command line argument: -Djava.io.tmpdir=C:\Users\eshwarg_700053\IdeaProjects\TodoApp\src\main\java\org\WM\temp
24-Aug-2024 23:14:49.546 INFO [main] org.apache.catalina.startup.VersionLoggerListener.log Command line argument: -Djava.util.logging.config.file=C:\Users\eshwarg_700053\IdeaProjects\TodoApp\src\main\java\org\WM\conf\logging.properties
24-Aug-2024 23:14:49.546 INFO [main] org.apache.catalina.startup.VersionLoggerListener.log Command line argument: -Djava.util.logging.manager=org.apache.juli.ClassLoaderLogManager
24-Aug-2024 23:14:49.546 INFO [main] org.apache.catalina.startup.VersionLoggerListener.log Command line argument: -javaagent:C:\Program Files\JetBrains\IntelliJ IDEA Community Edition 2024.2\lib\idea_rt.jar=50546:C:\Program Files\JetBrains\IntelliJ IDEA Community Edition 2024.2\bin
24-Aug-2024 23:14:49.546 INFO [main] org.apache.catalina.startup.VersionLoggerListener.log Command line argument: -Dfile.encoding=UTF-8
24-Aug-2024 23:14:49.546 INFO [main] org.apache.catalina.startup.VersionLoggerListener.log Command line argument: -Dsun.stdout.encoding=UTF-8
24-Aug-2024 23:14:49.546 INFO [main] org.apache.catalina.startup.VersionLoggerListener.log Command line argument: -Dsun.stderr.encoding=UTF-8
24-Aug-2024 23:14:49.552 INFO [main] org.apache.catalina.core.AprLifecycleListener.lifecycleEvent Loaded Apache Tomcat Native library [2.0.8] using APR version [1.7.4].
24-Aug-2024 23:14:49.574 INFO [main] org.apache.catalina.core.AprLifecycleListener.initializeSSL OpenSSL successfully initialized [OpenSSL 3.0.14 4 Jun 2024]
24-Aug-2024 23:14:49.907 INFO [main] org.apache.coyote.AbstractProtocol.init Initializing ProtocolHandler ["http-nio-8080"]
24-Aug-2024 23:14:49.929 INFO [main] org.apache.catalina.startup.Catalina.load Server initialization in [590] milliseconds
24-Aug-2024 23:14:49.979 INFO [main] org.apache.catalina.core.StandardService.startInternal Starting service [Catalina]
24-Aug-2024 23:14:49.979 INFO [main] org.apache.catalina.core.StandardEngine.startInternal Starting Servlet engine: [Apache Tomcat/10.1.28]
24-Aug-2024 23:14:49.996 INFO [main] org.apache.catalina.startup.HostConfig.deployDescriptor Deploying deployment descriptor [C:\Users\eshwarg_700053\IdeaProjects\TodoApp\src\main\java\org\WM\conf\Catalina\localhost\api.xml]
24-Aug-2024 23:14:50.876 INFO [main] org.apache.jasper.servlet.TldScanner.scanJars At least one JAR was scanned for TLDs yet contained no TLDs. Enable debug logging for this logger for a complete list of JARs that were scanned but no TLDs were found in them. Skipping unneeded JARs during scanning can improve startup time and JSP compilation time.
24-Aug-2024 23:14:50.930 INFO [main] org.apache.catalina.startup.HostConfig.deployDescriptor Deployment of deployment descriptor [C:\Users\eshwarg_700053\IdeaProjects\TodoApp\src\main\java\org\WM\conf\Catalina\localhost\api.xml] has finished in [932] ms
24-Aug-2024 23:14:50.934 INFO [main] org.apache.coyote.AbstractProtocol.start Starting ProtocolHandler ["http-nio-8080"]
24-Aug-2024 23:14:50.976 INFO [main] org.apache.catalina.startup.Catalina.start Server startup in [1045] milliseconds
24-Aug-2024 23:17:27.666 INFO [Thread-1] org.apache.coyote.AbstractProtocol.pause Pausing ProtocolHandler ["http-nio-8080"]
24-Aug-2024 23:17:27.680 INFO [Thread-1] org.apache.catalina.core.StandardService.stopInternal Stopping service [Catalina]
24-Aug-2024 23:17:27.692 INFO [Thread-1] org.apache.coyote.AbstractProtocol.stop Stopping ProtocolHandler ["http-nio-8080"]
24-Aug-2024 23:17:27.712 INFO [Thread-1] org.apache.coyote.AbstractProtocol.destroy Destroying ProtocolHandler ["http-nio-8080"]
24-Aug-2024 23:18:49.005 INFO [main] org.apache.catalina.startup.VersionLoggerListener.log Server version name:   Apache Tomcat/10.1.28
24-Aug-2024 23:18:49.010 INFO [main] org.apache.catalina.startup.VersionLoggerListener.log Server built:          Aug 2 2024 15:14:43 UTC
24-Aug-2024 23:18:49.010 INFO [main] org.apache.catalina.startup.VersionLoggerListener.log Server version number: 10.1.28.0
24-Aug-2024 23:18:49.010 INFO [main] org.apache.catalina.startup.VersionLoggerListener.log OS Name:               Windows 11
24-Aug-2024 23:18:49.010 INFO [main] org.apache.catalina.startup.VersionLoggerListener.log OS Version:            10.0
24-Aug-2024 23:18:49.010 INFO [main] org.apache.catalina.startup.VersionLoggerListener.log Architecture:          amd64
24-Aug-2024 23:18:49.010 INFO [main] org.apache.catalina.startup.VersionLoggerListener.log Java Home:             C:\Program Files\Java\jdk-22
24-Aug-2024 23:18:49.010 INFO [main] org.apache.catalina.startup.VersionLoggerListener.log JVM Version:           22.0.2+9-70
24-Aug-2024 23:18:49.010 INFO [main] org.apache.catalina.startup.VersionLoggerListener.log JVM Vendor:            Oracle Corporation
24-Aug-2024 23:18:49.010 INFO [main] org.apache.catalina.startup.VersionLoggerListener.log CATALINA_BASE:         C:\Users\eshwarg_700053\IdeaProjects\TodoApp\src\main\java\org\WM
24-Aug-2024 23:18:49.010 INFO [main] org.apache.catalina.startup.VersionLoggerListener.log CATALINA_HOME:         C:\Users\eshwarg_700053\Downloads\apache-tomcat-10.1.28-windows-x64\apache-tomcat-10.1.28
24-Aug-2024 23:18:49.027 INFO [main] org.apache.catalina.startup.VersionLoggerListener.log Command line argument: --add-opens=java.base/java.lang=ALL-UNNAMED
24-Aug-2024 23:18:49.027 INFO [main] org.apache.catalina.startup.VersionLoggerListener.log Command line argument: --add-opens=java.base/java.io=ALL-UNNAMED
24-Aug-2024 23:18:49.027 INFO [main] org.apache.catalina.startup.VersionLoggerListener.log Command line argument: --add-opens=java.base/java.util=ALL-UNNAMED
24-Aug-2024 23:18:49.027 INFO [main] org.apache.catalina.startup.VersionLoggerListener.log Command line argument: --add-opens=java.base/java.util.concurrent=ALL-UNNAMED
24-Aug-2024 23:18:49.028 INFO [main] org.apache.catalina.startup.VersionLoggerListener.log Command line argument: --add-opens=java.rmi/sun.rmi.transport=ALL-UNNAMED
24-Aug-2024 23:18:49.028 INFO [main] org.apache.catalina.startup.VersionLoggerListener.log Command line argument: -Dcatalina.home=C:\Users\eshwarg_700053\Downloads\apache-tomcat-10.1.28-windows-x64\apache-tomcat-10.1.28
24-Aug-2024 23:18:49.028 INFO [main] org.apache.catalina.startup.VersionLoggerListener.log Command line argument: -Dcatalina.base=C:\Users\eshwarg_700053\IdeaProjects\TodoApp\src\main\java\org\WM
24-Aug-2024 23:18:49.028 INFO [main] org.apache.catalina.startup.VersionLoggerListener.log Command line argument: -Djava.io.tmpdir=C:\Users\eshwarg_700053\IdeaProjects\TodoApp\src\main\java\org\WM\temp
24-Aug-2024 23:18:49.028 INFO [main] org.apache.catalina.startup.VersionLoggerListener.log Command line argument: -Djava.util.logging.config.file=C:\Users\eshwarg_700053\IdeaProjects\TodoApp\src\main\java\org\WM\conf\logging.properties
24-Aug-2024 23:18:49.028 INFO [main] org.apache.catalina.startup.VersionLoggerListener.log Command line argument: -Djava.util.logging.manager=org.apache.juli.ClassLoaderLogManager
24-Aug-2024 23:18:49.028 INFO [main] org.apache.catalina.startup.VersionLoggerListener.log Command line argument: -javaagent:C:\Program Files\JetBrains\IntelliJ IDEA Community Edition 2024.2\lib\idea_rt.jar=50630:C:\Program Files\JetBrains\IntelliJ IDEA Community Edition 2024.2\bin
24-Aug-2024 23:18:49.028 INFO [main] org.apache.catalina.startup.VersionLoggerListener.log Command line argument: -Dfile.encoding=UTF-8
24-Aug-2024 23:18:49.028 INFO [main] org.apache.catalina.startup.VersionLoggerListener.log Command line argument: -Dsun.stdout.encoding=UTF-8
24-Aug-2024 23:18:49.028 INFO [main] org.apache.catalina.startup.VersionLoggerListener.log Command line argument: -Dsun.stderr.encoding=UTF-8
24-Aug-2024 23:18:49.035 INFO [main] org.apache.catalina.core.AprLifecycleListener.lifecycleEvent Loaded Apache Tomcat Native library [2.0.8] using APR version [1.7.4].
24-Aug-2024 23:18:49.051 INFO [main] org.apache.catalina.core.AprLifecycleListener.initializeSSL OpenSSL successfully initialized [OpenSSL 3.0.14 4 Jun 2024]
24-Aug-2024 23:18:49.385 INFO [main] org.apache.coyote.AbstractProtocol.init Initializing ProtocolHandler ["http-nio-8080"]
24-Aug-2024 23:18:49.408 INFO [main] org.apache.catalina.startup.Catalina.load Server initialization in [604] milliseconds
24-Aug-2024 23:18:49.464 INFO [main] org.apache.catalina.core.StandardService.startInternal Starting service [Catalina]
24-Aug-2024 23:18:49.464 INFO [main] org.apache.catalina.core.StandardEngine.startInternal Starting Servlet engine: [Apache Tomcat/10.1.28]
24-Aug-2024 23:18:49.476 INFO [main] org.apache.catalina.startup.HostConfig.deployDescriptor Deploying deployment descriptor [C:\Users\eshwarg_700053\IdeaProjects\TodoApp\src\main\java\org\WM\conf\Catalina\localhost\api.xml]
24-Aug-2024 23:18:50.294 INFO [main] org.apache.jasper.servlet.TldScanner.scanJars At least one JAR was scanned for TLDs yet contained no TLDs. Enable debug logging for this logger for a complete list of JARs that were scanned but no TLDs were found in them. Skipping unneeded JARs during scanning can improve startup time and JSP compilation time.
24-Aug-2024 23:18:50.348 INFO [main] org.apache.catalina.startup.HostConfig.deployDescriptor Deployment of deployment descriptor [C:\Users\eshwarg_700053\IdeaProjects\TodoApp\src\main\java\org\WM\conf\Catalina\localhost\api.xml] has finished in [871] ms
24-Aug-2024 23:18:50.352 INFO [main] org.apache.coyote.AbstractProtocol.start Starting ProtocolHandler ["http-nio-8080"]
24-Aug-2024 23:18:50.391 INFO [main] org.apache.catalina.startup.Catalina.start Server startup in [982] milliseconds
24-Aug-2024 23:23:06.480 INFO [Thread-1] org.apache.coyote.AbstractProtocol.pause Pausing ProtocolHandler ["http-nio-8080"]
24-Aug-2024 23:23:06.493 INFO [Thread-1] org.apache.catalina.core.StandardService.stopInternal Stopping service [Catalina]
24-Aug-2024 23:23:06.501 WARNING [Thread-1] org.apache.catalina.loader.WebappClassLoaderBase.clearReferencesJdbc The web application [api] registered the JDBC driver [com.mysql.cj.jdbc.Driver] but failed to unregister it when the web application was stopped. To prevent a memory leak, the JDBC Driver has been forcibly unregistered.
24-Aug-2024 23:23:06.501 WARNING [Thread-1] org.apache.catalina.loader.WebappClassLoaderBase.clearReferencesThreads The web application [api] appears to have started a thread named [mysql-cj-abandoned-connection-cleanup] but has failed to stop it. This is very likely to create a memory leak. Stack trace of thread:
 java.base/jdk.internal.misc.Unsafe.park(Native Method)
 java.base/java.util.concurrent.locks.LockSupport.parkNanos(LockSupport.java:269)
 java.base/java.util.concurrent.locks.AbstractQueuedSynchronizer$ConditionObject.await(AbstractQueuedSynchronizer.java:1847)
 java.base/java.lang.ref.ReferenceQueue.await(ReferenceQueue.java:71)
 java.base/java.lang.ref.ReferenceQueue.remove0(ReferenceQueue.java:143)
 java.base/java.lang.ref.ReferenceQueue.remove(ReferenceQueue.java:218)
 com.mysql.cj.jdbc.AbandonedConnectionCleanupThread.run(AbandonedConnectionCleanupThread.java:84)
 java.base/java.util.concurrent.ThreadPoolExecutor.runWorker(ThreadPoolExecutor.java:1144)
 java.base/java.util.concurrent.ThreadPoolExecutor$Worker.run(ThreadPoolExecutor.java:642)
 java.base/java.lang.Thread.run(Thread.java:1570)
24-Aug-2024 23:23:06.505 INFO [Thread-1] org.apache.coyote.AbstractProtocol.stop Stopping ProtocolHandler ["http-nio-8080"]
24-Aug-2024 23:23:06.532 INFO [Thread-1] org.apache.coyote.AbstractProtocol.destroy Destroying ProtocolHandler ["http-nio-8080"]
24-Aug-2024 23:23:09.861 INFO [main] org.apache.catalina.startup.VersionLoggerListener.log Server version name:   Apache Tomcat/10.1.28
24-Aug-2024 23:23:09.867 INFO [main] org.apache.catalina.startup.VersionLoggerListener.log Server built:          Aug 2 2024 15:14:43 UTC
24-Aug-2024 23:23:09.868 INFO [main] org.apache.catalina.startup.VersionLoggerListener.log Server version number: 10.1.28.0
24-Aug-2024 23:23:09.868 INFO [main] org.apache.catalina.startup.VersionLoggerListener.log OS Name:               Windows 11
24-Aug-2024 23:23:09.868 INFO [main] org.apache.catalina.startup.VersionLoggerListener.log OS Version:            10.0
24-Aug-2024 23:23:09.868 INFO [main] org.apache.catalina.startup.VersionLoggerListener.log Architecture:          amd64
24-Aug-2024 23:23:09.868 INFO [main] org.apache.catalina.startup.VersionLoggerListener.log Java Home:             C:\Program Files\Java\jdk-22
24-Aug-2024 23:23:09.868 INFO [main] org.apache.catalina.startup.VersionLoggerListener.log JVM Version:           22.0.2+9-70
24-Aug-2024 23:23:09.868 INFO [main] org.apache.catalina.startup.VersionLoggerListener.log JVM Vendor:            Oracle Corporation
24-Aug-2024 23:23:09.868 INFO [main] org.apache.catalina.startup.VersionLoggerListener.log CATALINA_BASE:         C:\Users\eshwarg_700053\IdeaProjects\TodoApp\src\main\java\org\WM
24-Aug-2024 23:23:09.868 INFO [main] org.apache.catalina.startup.VersionLoggerListener.log CATALINA_HOME:         C:\Users\eshwarg_700053\Downloads\apache-tomcat-10.1.28-windows-x64\apache-tomcat-10.1.28
24-Aug-2024 23:23:09.888 INFO [main] org.apache.catalina.startup.VersionLoggerListener.log Command line argument: --add-opens=java.base/java.lang=ALL-UNNAMED
24-Aug-2024 23:23:09.888 INFO [main] org.apache.catalina.startup.VersionLoggerListener.log Command line argument: --add-opens=java.base/java.io=ALL-UNNAMED
24-Aug-2024 23:23:09.888 INFO [main] org.apache.catalina.startup.VersionLoggerListener.log Command line argument: --add-opens=java.base/java.util=ALL-UNNAMED
24-Aug-2024 23:23:09.888 INFO [main] org.apache.catalina.startup.VersionLoggerListener.log Command line argument: --add-opens=java.base/java.util.concurrent=ALL-UNNAMED
24-Aug-2024 23:23:09.888 INFO [main] org.apache.catalina.startup.VersionLoggerListener.log Command line argument: --add-opens=java.rmi/sun.rmi.transport=ALL-UNNAMED
24-Aug-2024 23:23:09.888 INFO [main] org.apache.catalina.startup.VersionLoggerListener.log Command line argument: -Dcatalina.home=C:\Users\eshwarg_700053\Downloads\apache-tomcat-10.1.28-windows-x64\apache-tomcat-10.1.28
24-Aug-2024 23:23:09.888 INFO [main] org.apache.catalina.startup.VersionLoggerListener.log Command line argument: -Dcatalina.base=C:\Users\eshwarg_700053\IdeaProjects\TodoApp\src\main\java\org\WM
24-Aug-2024 23:23:09.888 INFO [main] org.apache.catalina.startup.VersionLoggerListener.log Command line argument: -Djava.io.tmpdir=C:\Users\eshwarg_700053\IdeaProjects\TodoApp\src\main\java\org\WM\temp
24-Aug-2024 23:23:09.888 INFO [main] org.apache.catalina.startup.VersionLoggerListener.log Command line argument: -Djava.util.logging.config.file=C:\Users\eshwarg_700053\IdeaProjects\TodoApp\src\main\java\org\WM\conf\logging.properties
24-Aug-2024 23:23:09.888 INFO [main] org.apache.catalina.startup.VersionLoggerListener.log Command line argument: -Djava.util.logging.manager=org.apache.juli.ClassLoaderLogManager
24-Aug-2024 23:23:09.889 INFO [main] org.apache.catalina.startup.VersionLoggerListener.log Command line argument: -javaagent:C:\Program Files\JetBrains\IntelliJ IDEA Community Edition 2024.2\lib\idea_rt.jar=50661:C:\Program Files\JetBrains\IntelliJ IDEA Community Edition 2024.2\bin
24-Aug-2024 23:23:09.889 INFO [main] org.apache.catalina.startup.VersionLoggerListener.log Command line argument: -Dfile.encoding=UTF-8
24-Aug-2024 23:23:09.889 INFO [main] org.apache.catalina.startup.VersionLoggerListener.log Command line argument: -Dsun.stdout.encoding=UTF-8
24-Aug-2024 23:23:09.889 INFO [main] org.apache.catalina.startup.VersionLoggerListener.log Command line argument: -Dsun.stderr.encoding=UTF-8
24-Aug-2024 23:23:09.895 INFO [main] org.apache.catalina.core.AprLifecycleListener.lifecycleEvent Loaded Apache Tomcat Native library [2.0.8] using APR version [1.7.4].
24-Aug-2024 23:23:09.917 INFO [main] org.apache.catalina.core.AprLifecycleListener.initializeSSL OpenSSL successfully initialized [OpenSSL 3.0.14 4 Jun 2024]
24-Aug-2024 23:23:10.252 INFO [main] org.apache.coyote.AbstractProtocol.init Initializing ProtocolHandler ["http-nio-8080"]
24-Aug-2024 23:23:10.268 INFO [main] org.apache.catalina.startup.Catalina.load Server initialization in [624] milliseconds
24-Aug-2024 23:23:10.320 INFO [main] org.apache.catalina.core.StandardService.startInternal Starting service [Catalina]
24-Aug-2024 23:23:10.321 INFO [main] org.apache.catalina.core.StandardEngine.startInternal Starting Servlet engine: [Apache Tomcat/10.1.28]
24-Aug-2024 23:23:10.332 INFO [main] org.apache.catalina.startup.HostConfig.deployDescriptor Deploying deployment descriptor [C:\Users\eshwarg_700053\IdeaProjects\TodoApp\src\main\java\org\WM\conf\Catalina\localhost\api.xml]
24-Aug-2024 23:23:11.152 INFO [main] org.apache.jasper.servlet.TldScanner.scanJars At least one JAR was scanned for TLDs yet contained no TLDs. Enable debug logging for this logger for a complete list of JARs that were scanned but no TLDs were found in them. Skipping unneeded JARs during scanning can improve startup time and JSP compilation time.
24-Aug-2024 23:23:11.206 INFO [main] org.apache.catalina.startup.HostConfig.deployDescriptor Deployment of deployment descriptor [C:\Users\eshwarg_700053\IdeaProjects\TodoApp\src\main\java\org\WM\conf\Catalina\localhost\api.xml] has finished in [874] ms
24-Aug-2024 23:23:11.212 INFO [main] org.apache.coyote.AbstractProtocol.start Starting ProtocolHandler ["http-nio-8080"]
24-Aug-2024 23:23:11.251 INFO [main] org.apache.catalina.startup.Catalina.start Server startup in [981] milliseconds
24-Aug-2024 23:23:51.216 INFO [Thread-1] org.apache.coyote.AbstractProtocol.pause Pausing ProtocolHandler ["http-nio-8080"]
24-Aug-2024 23:23:51.228 INFO [Thread-1] org.apache.catalina.core.StandardService.stopInternal Stopping service [Catalina]
24-Aug-2024 23:23:51.236 WARNING [Thread-1] org.apache.catalina.loader.WebappClassLoaderBase.clearReferencesJdbc The web application [api] registered the JDBC driver [com.mysql.cj.jdbc.Driver] but failed to unregister it when the web application was stopped. To prevent a memory leak, the JDBC Driver has been forcibly unregistered.
24-Aug-2024 23:23:51.236 WARNING [Thread-1] org.apache.catalina.loader.WebappClassLoaderBase.clearReferencesThreads The web application [api] appears to have started a thread named [mysql-cj-abandoned-connection-cleanup] but has failed to stop it. This is very likely to create a memory leak. Stack trace of thread:
 java.base/jdk.internal.misc.Unsafe.park(Native Method)
 java.base/java.util.concurrent.locks.LockSupport.parkNanos(LockSupport.java:269)
 java.base/java.util.concurrent.locks.AbstractQueuedSynchronizer$ConditionObject.await(AbstractQueuedSynchronizer.java:1847)
 java.base/java.lang.ref.ReferenceQueue.await(ReferenceQueue.java:71)
 java.base/java.lang.ref.ReferenceQueue.remove0(ReferenceQueue.java:143)
 java.base/java.lang.ref.ReferenceQueue.remove(ReferenceQueue.java:218)
 com.mysql.cj.jdbc.AbandonedConnectionCleanupThread.run(AbandonedConnectionCleanupThread.java:84)
 java.base/java.util.concurrent.ThreadPoolExecutor.runWorker(ThreadPoolExecutor.java:1144)
 java.base/java.util.concurrent.ThreadPoolExecutor$Worker.run(ThreadPoolExecutor.java:642)
 java.base/java.lang.Thread.run(Thread.java:1570)
24-Aug-2024 23:23:51.240 INFO [Thread-1] org.apache.coyote.AbstractProtocol.stop Stopping ProtocolHandler ["http-nio-8080"]
24-Aug-2024 23:23:51.261 INFO [Thread-1] org.apache.coyote.AbstractProtocol.destroy Destroying ProtocolHandler ["http-nio-8080"]
24-Aug-2024 23:23:54.469 INFO [main] org.apache.catalina.startup.VersionLoggerListener.log Server version name:   Apache Tomcat/10.1.28
24-Aug-2024 23:23:54.472 INFO [main] org.apache.catalina.startup.VersionLoggerListener.log Server built:          Aug 2 2024 15:14:43 UTC
24-Aug-2024 23:23:54.472 INFO [main] org.apache.catalina.startup.VersionLoggerListener.log Server version number: 10.1.28.0
24-Aug-2024 23:23:54.472 INFO [main] org.apache.catalina.startup.VersionLoggerListener.log OS Name:               Windows 11
24-Aug-2024 23:23:54.474 INFO [main] org.apache.catalina.startup.VersionLoggerListener.log OS Version:            10.0
24-Aug-2024 23:23:54.474 INFO [main] org.apache.catalina.startup.VersionLoggerListener.log Architecture:          amd64
24-Aug-2024 23:23:54.474 INFO [main] org.apache.catalina.startup.VersionLoggerListener.log Java Home:             C:\Program Files\Java\jdk-22
24-Aug-2024 23:23:54.474 INFO [main] org.apache.catalina.startup.VersionLoggerListener.log JVM Version:           22.0.2+9-70
24-Aug-2024 23:23:54.474 INFO [main] org.apache.catalina.startup.VersionLoggerListener.log JVM Vendor:            Oracle Corporation
24-Aug-2024 23:23:54.474 INFO [main] org.apache.catalina.startup.VersionLoggerListener.log CATALINA_BASE:         C:\Users\eshwarg_700053\IdeaProjects\TodoApp\src\main\java\org\WM
24-Aug-2024 23:23:54.474 INFO [main] org.apache.catalina.startup.VersionLoggerListener.log CATALINA_HOME:         C:\Users\eshwarg_700053\Downloads\apache-tomcat-10.1.28-windows-x64\apache-tomcat-10.1.28
24-Aug-2024 23:23:54.488 INFO [main] org.apache.catalina.startup.VersionLoggerListener.log Command line argument: --add-opens=java.base/java.lang=ALL-UNNAMED
24-Aug-2024 23:23:54.488 INFO [main] org.apache.catalina.startup.VersionLoggerListener.log Command line argument: --add-opens=java.base/java.io=ALL-UNNAMED
24-Aug-2024 23:23:54.488 INFO [main] org.apache.catalina.startup.VersionLoggerListener.log Command line argument: --add-opens=java.base/java.util=ALL-UNNAMED
24-Aug-2024 23:23:54.488 INFO [main] org.apache.catalina.startup.VersionLoggerListener.log Command line argument: --add-opens=java.base/java.util.concurrent=ALL-UNNAMED
24-Aug-2024 23:23:54.488 INFO [main] org.apache.catalina.startup.VersionLoggerListener.log Command line argument: --add-opens=java.rmi/sun.rmi.transport=ALL-UNNAMED
24-Aug-2024 23:23:54.488 INFO [main] org.apache.catalina.startup.VersionLoggerListener.log Command line argument: -Dcatalina.home=C:\Users\eshwarg_700053\Downloads\apache-tomcat-10.1.28-windows-x64\apache-tomcat-10.1.28
24-Aug-2024 23:23:54.488 INFO [main] org.apache.catalina.startup.VersionLoggerListener.log Command line argument: -Dcatalina.base=C:\Users\eshwarg_700053\IdeaProjects\TodoApp\src\main\java\org\WM
24-Aug-2024 23:23:54.488 INFO [main] org.apache.catalina.startup.VersionLoggerListener.log Command line argument: -Djava.io.tmpdir=C:\Users\eshwarg_700053\IdeaProjects\TodoApp\src\main\java\org\WM\temp
24-Aug-2024 23:23:54.489 INFO [main] org.apache.catalina.startup.VersionLoggerListener.log Command line argument: -Djava.util.logging.config.file=C:\Users\eshwarg_700053\IdeaProjects\TodoApp\src\main\java\org\WM\conf\logging.properties
24-Aug-2024 23:23:54.489 INFO [main] org.apache.catalina.startup.VersionLoggerListener.log Command line argument: -Djava.util.logging.manager=org.apache.juli.ClassLoaderLogManager
24-Aug-2024 23:23:54.489 INFO [main] org.apache.catalina.startup.VersionLoggerListener.log Command line argument: -javaagent:C:\Program Files\JetBrains\IntelliJ IDEA Community Edition 2024.2\lib\idea_rt.jar=50673:C:\Program Files\JetBrains\IntelliJ IDEA Community Edition 2024.2\bin
24-Aug-2024 23:23:54.489 INFO [main] org.apache.catalina.startup.VersionLoggerListener.log Command line argument: -Dfile.encoding=UTF-8
24-Aug-2024 23:23:54.489 INFO [main] org.apache.catalina.startup.VersionLoggerListener.log Command line argument: -Dsun.stdout.encoding=UTF-8
24-Aug-2024 23:23:54.489 INFO [main] org.apache.catalina.startup.VersionLoggerListener.log Command line argument: -Dsun.stderr.encoding=UTF-8
24-Aug-2024 23:23:54.493 INFO [main] org.apache.catalina.core.AprLifecycleListener.lifecycleEvent Loaded Apache Tomcat Native library [2.0.8] using APR version [1.7.4].
24-Aug-2024 23:23:54.509 INFO [main] org.apache.catalina.core.AprLifecycleListener.initializeSSL OpenSSL successfully initialized [OpenSSL 3.0.14 4 Jun 2024]
24-Aug-2024 23:23:54.826 INFO [main] org.apache.coyote.AbstractProtocol.init Initializing ProtocolHandler ["http-nio-8080"]
24-Aug-2024 23:23:54.846 INFO [main] org.apache.catalina.startup.Catalina.load Server initialization in [565] milliseconds
24-Aug-2024 23:23:54.891 INFO [main] org.apache.catalina.core.StandardService.startInternal Starting service [Catalina]
24-Aug-2024 23:23:54.892 INFO [main] org.apache.catalina.core.StandardEngine.startInternal Starting Servlet engine: [Apache Tomcat/10.1.28]
24-Aug-2024 23:23:54.907 INFO [main] org.apache.catalina.startup.HostConfig.deployDescriptor Deploying deployment descriptor [C:\Users\eshwarg_700053\IdeaProjects\TodoApp\src\main\java\org\WM\conf\Catalina\localhost\api.xml]
24-Aug-2024 23:23:55.770 INFO [main] org.apache.jasper.servlet.TldScanner.scanJars At least one JAR was scanned for TLDs yet contained no TLDs. Enable debug logging for this logger for a complete list of JARs that were scanned but no TLDs were found in them. Skipping unneeded JARs during scanning can improve startup time and JSP compilation time.
24-Aug-2024 23:23:55.825 INFO [main] org.apache.catalina.startup.HostConfig.deployDescriptor Deployment of deployment descriptor [C:\Users\eshwarg_700053\IdeaProjects\TodoApp\src\main\java\org\WM\conf\Catalina\localhost\api.xml] has finished in [917] ms
24-Aug-2024 23:23:55.830 INFO [main] org.apache.coyote.AbstractProtocol.start Starting ProtocolHandler ["http-nio-8080"]
24-Aug-2024 23:23:55.870 INFO [main] org.apache.catalina.startup.Catalina.start Server startup in [1022] milliseconds
24-Aug-2024 23:28:42.757 INFO [Thread-1] org.apache.coyote.AbstractProtocol.pause Pausing ProtocolHandler ["http-nio-8080"]
24-Aug-2024 23:28:42.771 INFO [Thread-1] org.apache.catalina.core.StandardService.stopInternal Stopping service [Catalina]
24-Aug-2024 23:28:42.779 WARNING [Thread-1] org.apache.catalina.loader.WebappClassLoaderBase.clearReferencesJdbc The web application [api] registered the JDBC driver [com.mysql.cj.jdbc.Driver] but failed to unregister it when the web application was stopped. To prevent a memory leak, the JDBC Driver has been forcibly unregistered.
24-Aug-2024 23:28:42.779 WARNING [Thread-1] org.apache.catalina.loader.WebappClassLoaderBase.clearReferencesThreads The web application [api] appears to have started a thread named [mysql-cj-abandoned-connection-cleanup] but has failed to stop it. This is very likely to create a memory leak. Stack trace of thread:
 java.base/jdk.internal.misc.Unsafe.park(Native Method)
 java.base/java.util.concurrent.locks.LockSupport.parkNanos(LockSupport.java:269)
 java.base/java.util.concurrent.locks.AbstractQueuedSynchronizer$ConditionObject.await(AbstractQueuedSynchronizer.java:1847)
 java.base/java.lang.ref.ReferenceQueue.await(ReferenceQueue.java:71)
 java.base/java.lang.ref.ReferenceQueue.remove0(ReferenceQueue.java:143)
 java.base/java.lang.ref.ReferenceQueue.remove(ReferenceQueue.java:218)
 com.mysql.cj.jdbc.AbandonedConnectionCleanupThread.run(AbandonedConnectionCleanupThread.java:84)
 java.base/java.util.concurrent.ThreadPoolExecutor.runWorker(ThreadPoolExecutor.java:1144)
 java.base/java.util.concurrent.ThreadPoolExecutor$Worker.run(ThreadPoolExecutor.java:642)
 java.base/java.lang.Thread.run(Thread.java:1570)
24-Aug-2024 23:28:42.784 INFO [Thread-1] org.apache.coyote.AbstractProtocol.stop Stopping ProtocolHandler ["http-nio-8080"]
24-Aug-2024 23:28:42.802 INFO [Thread-1] org.apache.coyote.AbstractProtocol.destroy Destroying ProtocolHandler ["http-nio-8080"]
24-Aug-2024 23:28:46.288 INFO [main] org.apache.catalina.startup.VersionLoggerListener.log Server version name:   Apache Tomcat/10.1.28
24-Aug-2024 23:28:46.292 INFO [main] org.apache.catalina.startup.VersionLoggerListener.log Server built:          Aug 2 2024 15:14:43 UTC
24-Aug-2024 23:28:46.293 INFO [main] org.apache.catalina.startup.VersionLoggerListener.log Server version number: 10.1.28.0
24-Aug-2024 23:28:46.293 INFO [main] org.apache.catalina.startup.VersionLoggerListener.log OS Name:               Windows 11
24-Aug-2024 23:28:46.293 INFO [main] org.apache.catalina.startup.VersionLoggerListener.log OS Version:            10.0
24-Aug-2024 23:28:46.293 INFO [main] org.apache.catalina.startup.VersionLoggerListener.log Architecture:          amd64
24-Aug-2024 23:28:46.293 INFO [main] org.apache.catalina.startup.VersionLoggerListener.log Java Home:             C:\Program Files\Java\jdk-22
24-Aug-2024 23:28:46.293 INFO [main] org.apache.catalina.startup.VersionLoggerListener.log JVM Version:           22.0.2+9-70
24-Aug-2024 23:28:46.293 INFO [main] org.apache.catalina.startup.VersionLoggerListener.log JVM Vendor:            Oracle Corporation
24-Aug-2024 23:28:46.293 INFO [main] org.apache.catalina.startup.VersionLoggerListener.log CATALINA_BASE:         C:\Users\eshwarg_700053\IdeaProjects\TodoApp\src\main\java\org\WM
24-Aug-2024 23:28:46.293 INFO [main] org.apache.catalina.startup.VersionLoggerListener.log CATALINA_HOME:         C:\Users\eshwarg_700053\Downloads\apache-tomcat-10.1.28-windows-x64\apache-tomcat-10.1.28
24-Aug-2024 23:28:46.306 INFO [main] org.apache.catalina.startup.VersionLoggerListener.log Command line argument: --add-opens=java.base/java.lang=ALL-UNNAMED
24-Aug-2024 23:28:46.306 INFO [main] org.apache.catalina.startup.VersionLoggerListener.log Command line argument: --add-opens=java.base/java.io=ALL-UNNAMED
24-Aug-2024 23:28:46.306 INFO [main] org.apache.catalina.startup.VersionLoggerListener.log Command line argument: --add-opens=java.base/java.util=ALL-UNNAMED
24-Aug-2024 23:28:46.306 INFO [main] org.apache.catalina.startup.VersionLoggerListener.log Command line argument: --add-opens=java.base/java.util.concurrent=ALL-UNNAMED
24-Aug-2024 23:28:46.306 INFO [main] org.apache.catalina.startup.VersionLoggerListener.log Command line argument: --add-opens=java.rmi/sun.rmi.transport=ALL-UNNAMED
24-Aug-2024 23:28:46.306 INFO [main] org.apache.catalina.startup.VersionLoggerListener.log Command line argument: -Dcatalina.home=C:\Users\eshwarg_700053\Downloads\apache-tomcat-10.1.28-windows-x64\apache-tomcat-10.1.28
24-Aug-2024 23:28:46.306 INFO [main] org.apache.catalina.startup.VersionLoggerListener.log Command line argument: -Dcatalina.base=C:\Users\eshwarg_700053\IdeaProjects\TodoApp\src\main\java\org\WM
24-Aug-2024 23:28:46.306 INFO [main] org.apache.catalina.startup.VersionLoggerListener.log Command line argument: -Djava.io.tmpdir=C:\Users\eshwarg_700053\IdeaProjects\TodoApp\src\main\java\org\WM\temp
24-Aug-2024 23:28:46.307 INFO [main] org.apache.catalina.startup.VersionLoggerListener.log Command line argument: -Djava.util.logging.config.file=C:\Users\eshwarg_700053\IdeaProjects\TodoApp\src\main\java\org\WM\conf\logging.properties
24-Aug-2024 23:28:46.307 INFO [main] org.apache.catalina.startup.VersionLoggerListener.log Command line argument: -Djava.util.logging.manager=org.apache.juli.ClassLoaderLogManager
24-Aug-2024 23:28:46.307 INFO [main] org.apache.catalina.startup.VersionLoggerListener.log Command line argument: -javaagent:C:\Program Files\JetBrains\IntelliJ IDEA Community Edition 2024.2\lib\idea_rt.jar=50715:C:\Program Files\JetBrains\IntelliJ IDEA Community Edition 2024.2\bin
24-Aug-2024 23:28:46.307 INFO [main] org.apache.catalina.startup.VersionLoggerListener.log Command line argument: -Dfile.encoding=UTF-8
24-Aug-2024 23:28:46.307 INFO [main] org.apache.catalina.startup.VersionLoggerListener.log Command line argument: -Dsun.stdout.encoding=UTF-8
24-Aug-2024 23:28:46.307 INFO [main] org.apache.catalina.startup.VersionLoggerListener.log Command line argument: -Dsun.stderr.encoding=UTF-8
24-Aug-2024 23:28:46.313 INFO [main] org.apache.catalina.core.AprLifecycleListener.lifecycleEvent Loaded Apache Tomcat Native library [2.0.8] using APR version [1.7.4].
24-Aug-2024 23:28:46.330 INFO [main] org.apache.catalina.core.AprLifecycleListener.initializeSSL OpenSSL successfully initialized [OpenSSL 3.0.14 4 Jun 2024]
24-Aug-2024 23:28:46.665 INFO [main] org.apache.coyote.AbstractProtocol.init Initializing ProtocolHandler ["http-nio-8080"]
24-Aug-2024 23:28:46.688 INFO [main] org.apache.catalina.startup.Catalina.load Server initialization in [585] milliseconds
24-Aug-2024 23:28:46.741 INFO [main] org.apache.catalina.core.StandardService.startInternal Starting service [Catalina]
24-Aug-2024 23:28:46.741 INFO [main] org.apache.catalina.core.StandardEngine.startInternal Starting Servlet engine: [Apache Tomcat/10.1.28]
24-Aug-2024 23:28:46.756 INFO [main] org.apache.catalina.startup.HostConfig.deployDescriptor Deploying deployment descriptor [C:\Users\eshwarg_700053\IdeaProjects\TodoApp\src\main\java\org\WM\conf\Catalina\localhost\api.xml]
24-Aug-2024 23:28:47.615 INFO [main] org.apache.jasper.servlet.TldScanner.scanJars At least one JAR was scanned for TLDs yet contained no TLDs. Enable debug logging for this logger for a complete list of JARs that were scanned but no TLDs were found in them. Skipping unneeded JARs during scanning can improve startup time and JSP compilation time.
24-Aug-2024 23:28:47.674 INFO [main] org.apache.catalina.startup.HostConfig.deployDescriptor Deployment of deployment descriptor [C:\Users\eshwarg_700053\IdeaProjects\TodoApp\src\main\java\org\WM\conf\Catalina\localhost\api.xml] has finished in [915] ms
24-Aug-2024 23:28:47.678 INFO [main] org.apache.coyote.AbstractProtocol.start Starting ProtocolHandler ["http-nio-8080"]
24-Aug-2024 23:28:47.724 INFO [main] org.apache.catalina.startup.Catalina.start Server startup in [1034] milliseconds
24-Aug-2024 23:30:52.641 INFO [Thread-1] org.apache.coyote.AbstractProtocol.pause Pausing ProtocolHandler ["http-nio-8080"]
24-Aug-2024 23:30:52.656 INFO [Thread-1] org.apache.catalina.core.StandardService.stopInternal Stopping service [Catalina]
24-Aug-2024 23:30:52.664 WARNING [Thread-1] org.apache.catalina.loader.WebappClassLoaderBase.clearReferencesJdbc The web application [api] registered the JDBC driver [com.mysql.cj.jdbc.Driver] but failed to unregister it when the web application was stopped. To prevent a memory leak, the JDBC Driver has been forcibly unregistered.
24-Aug-2024 23:30:52.664 WARNING [Thread-1] org.apache.catalina.loader.WebappClassLoaderBase.clearReferencesThreads The web application [api] appears to have started a thread named [mysql-cj-abandoned-connection-cleanup] but has failed to stop it. This is very likely to create a memory leak. Stack trace of thread:
 java.base/jdk.internal.misc.Unsafe.park(Native Method)
 java.base/java.util.concurrent.locks.LockSupport.parkNanos(LockSupport.java:269)
 java.base/java.util.concurrent.locks.AbstractQueuedSynchronizer$ConditionObject.await(AbstractQueuedSynchronizer.java:1847)
 java.base/java.lang.ref.ReferenceQueue.await(ReferenceQueue.java:71)
 java.base/java.lang.ref.ReferenceQueue.remove0(ReferenceQueue.java:143)
 java.base/java.lang.ref.ReferenceQueue.remove(ReferenceQueue.java:218)
 com.mysql.cj.jdbc.AbandonedConnectionCleanupThread.run(AbandonedConnectionCleanupThread.java:84)
 java.base/java.util.concurrent.ThreadPoolExecutor.runWorker(ThreadPoolExecutor.java:1144)
 java.base/java.util.concurrent.ThreadPoolExecutor$Worker.run(ThreadPoolExecutor.java:642)
 java.base/java.lang.Thread.run(Thread.java:1570)
24-Aug-2024 23:30:52.668 INFO [Thread-1] org.apache.coyote.AbstractProtocol.stop Stopping ProtocolHandler ["http-nio-8080"]
24-Aug-2024 23:30:52.680 INFO [Thread-1] org.apache.coyote.AbstractProtocol.destroy Destroying ProtocolHandler ["http-nio-8080"]
24-Aug-2024 23:30:55.732 INFO [main] org.apache.catalina.startup.VersionLoggerListener.log Server version name:   Apache Tomcat/10.1.28
24-Aug-2024 23:30:55.737 INFO [main] org.apache.catalina.startup.VersionLoggerListener.log Server built:          Aug 2 2024 15:14:43 UTC
24-Aug-2024 23:30:55.737 INFO [main] org.apache.catalina.startup.VersionLoggerListener.log Server version number: 10.1.28.0
24-Aug-2024 23:30:55.737 INFO [main] org.apache.catalina.startup.VersionLoggerListener.log OS Name:               Windows 11
24-Aug-2024 23:30:55.737 INFO [main] org.apache.catalina.startup.VersionLoggerListener.log OS Version:            10.0
24-Aug-2024 23:30:55.737 INFO [main] org.apache.catalina.startup.VersionLoggerListener.log Architecture:          amd64
24-Aug-2024 23:30:55.737 INFO [main] org.apache.catalina.startup.VersionLoggerListener.log Java Home:             C:\Program Files\Java\jdk-22
24-Aug-2024 23:30:55.737 INFO [main] org.apache.catalina.startup.VersionLoggerListener.log JVM Version:           22.0.2+9-70
24-Aug-2024 23:30:55.737 INFO [main] org.apache.catalina.startup.VersionLoggerListener.log JVM Vendor:            Oracle Corporation
24-Aug-2024 23:30:55.737 INFO [main] org.apache.catalina.startup.VersionLoggerListener.log CATALINA_BASE:         C:\Users\eshwarg_700053\IdeaProjects\TodoApp\src\main\java\org\WM
24-Aug-2024 23:30:55.737 INFO [main] org.apache.catalina.startup.VersionLoggerListener.log CATALINA_HOME:         C:\Users\eshwarg_700053\Downloads\apache-tomcat-10.1.28-windows-x64\apache-tomcat-10.1.28
24-Aug-2024 23:30:55.750 INFO [main] org.apache.catalina.startup.VersionLoggerListener.log Command line argument: --add-opens=java.base/java.lang=ALL-UNNAMED
24-Aug-2024 23:30:55.750 INFO [main] org.apache.catalina.startup.VersionLoggerListener.log Command line argument: --add-opens=java.base/java.io=ALL-UNNAMED
24-Aug-2024 23:30:55.750 INFO [main] org.apache.catalina.startup.VersionLoggerListener.log Command line argument: --add-opens=java.base/java.util=ALL-UNNAMED
24-Aug-2024 23:30:55.750 INFO [main] org.apache.catalina.startup.VersionLoggerListener.log Command line argument: --add-opens=java.base/java.util.concurrent=ALL-UNNAMED
24-Aug-2024 23:30:55.750 INFO [main] org.apache.catalina.startup.VersionLoggerListener.log Command line argument: --add-opens=java.rmi/sun.rmi.transport=ALL-UNNAMED
24-Aug-2024 23:30:55.750 INFO [main] org.apache.catalina.startup.VersionLoggerListener.log Command line argument: -Dcatalina.home=C:\Users\eshwarg_700053\Downloads\apache-tomcat-10.1.28-windows-x64\apache-tomcat-10.1.28
24-Aug-2024 23:30:55.750 INFO [main] org.apache.catalina.startup.VersionLoggerListener.log Command line argument: -Dcatalina.base=C:\Users\eshwarg_700053\IdeaProjects\TodoApp\src\main\java\org\WM
24-Aug-2024 23:30:55.750 INFO [main] org.apache.catalina.startup.VersionLoggerListener.log Command line argument: -Djava.io.tmpdir=C:\Users\eshwarg_700053\IdeaProjects\TodoApp\src\main\java\org\WM\temp
24-Aug-2024 23:30:55.751 INFO [main] org.apache.catalina.startup.VersionLoggerListener.log Command line argument: -Djava.util.logging.config.file=C:\Users\eshwarg_700053\IdeaProjects\TodoApp\src\main\java\org\WM\conf\logging.properties
24-Aug-2024 23:30:55.751 INFO [main] org.apache.catalina.startup.VersionLoggerListener.log Command line argument: -Djava.util.logging.manager=org.apache.juli.ClassLoaderLogManager
24-Aug-2024 23:30:55.751 INFO [main] org.apache.catalina.startup.VersionLoggerListener.log Command line argument: -javaagent:C:\Program Files\JetBrains\IntelliJ IDEA Community Edition 2024.2\lib\idea_rt.jar=50729:C:\Program Files\JetBrains\IntelliJ IDEA Community Edition 2024.2\bin
24-Aug-2024 23:30:55.751 INFO [main] org.apache.catalina.startup.VersionLoggerListener.log Command line argument: -Dfile.encoding=UTF-8
24-Aug-2024 23:30:55.751 INFO [main] org.apache.catalina.startup.VersionLoggerListener.log Command line argument: -Dsun.stdout.encoding=UTF-8
24-Aug-2024 23:30:55.751 INFO [main] org.apache.catalina.startup.VersionLoggerListener.log Command line argument: -Dsun.stderr.encoding=UTF-8
24-Aug-2024 23:30:55.755 INFO [main] org.apache.catalina.core.AprLifecycleListener.lifecycleEvent Loaded Apache Tomcat Native library [2.0.8] using APR version [1.7.4].
24-Aug-2024 23:30:55.769 INFO [main] org.apache.catalina.core.AprLifecycleListener.initializeSSL OpenSSL successfully initialized [OpenSSL 3.0.14 4 Jun 2024]
24-Aug-2024 23:30:56.063 INFO [main] org.apache.coyote.AbstractProtocol.init Initializing ProtocolHandler ["http-nio-8080"]
24-Aug-2024 23:30:56.084 INFO [main] org.apache.catalina.startup.Catalina.load Server initialization in [535] milliseconds
24-Aug-2024 23:30:56.124 INFO [main] org.apache.catalina.core.StandardService.startInternal Starting service [Catalina]
24-Aug-2024 23:30:56.124 INFO [main] org.apache.catalina.core.StandardEngine.startInternal Starting Servlet engine: [Apache Tomcat/10.1.28]
24-Aug-2024 23:30:56.135 INFO [main] org.apache.catalina.startup.HostConfig.deployDescriptor Deploying deployment descriptor [C:\Users\eshwarg_700053\IdeaProjects\TodoApp\src\main\java\org\WM\conf\Catalina\localhost\api.xml]
24-Aug-2024 23:30:56.944 INFO [main] org.apache.jasper.servlet.TldScanner.scanJars At least one JAR was scanned for TLDs yet contained no TLDs. Enable debug logging for this logger for a complete list of JARs that were scanned but no TLDs were found in them. Skipping unneeded JARs during scanning can improve startup time and JSP compilation time.
24-Aug-2024 23:30:56.998 INFO [main] org.apache.catalina.startup.HostConfig.deployDescriptor Deployment of deployment descriptor [C:\Users\eshwarg_700053\IdeaProjects\TodoApp\src\main\java\org\WM\conf\Catalina\localhost\api.xml] has finished in [863] ms
24-Aug-2024 23:30:57.006 INFO [main] org.apache.coyote.AbstractProtocol.start Starting ProtocolHandler ["http-nio-8080"]
24-Aug-2024 23:30:57.044 INFO [main] org.apache.catalina.startup.Catalina.start Server startup in [959] milliseconds
24-Aug-2024 23:34:27.480 INFO [Thread-1] org.apache.coyote.AbstractProtocol.pause Pausing ProtocolHandler ["http-nio-8080"]
24-Aug-2024 23:34:27.492 INFO [Thread-1] org.apache.catalina.core.StandardService.stopInternal Stopping service [Catalina]
24-Aug-2024 23:34:27.500 WARNING [Thread-1] org.apache.catalina.loader.WebappClassLoaderBase.clearReferencesJdbc The web application [api] registered the JDBC driver [com.mysql.cj.jdbc.Driver] but failed to unregister it when the web application was stopped. To prevent a memory leak, the JDBC Driver has been forcibly unregistered.
24-Aug-2024 23:34:27.500 WARNING [Thread-1] org.apache.catalina.loader.WebappClassLoaderBase.clearReferencesThreads The web application [api] appears to have started a thread named [mysql-cj-abandoned-connection-cleanup] but has failed to stop it. This is very likely to create a memory leak. Stack trace of thread:
 java.base/jdk.internal.misc.Unsafe.park(Native Method)
 java.base/java.util.concurrent.locks.LockSupport.parkNanos(LockSupport.java:269)
 java.base/java.util.concurrent.locks.AbstractQueuedSynchronizer$ConditionObject.await(AbstractQueuedSynchronizer.java:1847)
 java.base/java.lang.ref.ReferenceQueue.await(ReferenceQueue.java:71)
 java.base/java.lang.ref.ReferenceQueue.remove0(ReferenceQueue.java:143)
 java.base/java.lang.ref.ReferenceQueue.remove(ReferenceQueue.java:218)
 com.mysql.cj.jdbc.AbandonedConnectionCleanupThread.run(AbandonedConnectionCleanupThread.java:84)
 java.base/java.util.concurrent.ThreadPoolExecutor.runWorker(ThreadPoolExecutor.java:1144)
 java.base/java.util.concurrent.ThreadPoolExecutor$Worker.run(ThreadPoolExecutor.java:642)
 java.base/java.lang.Thread.run(Thread.java:1570)
24-Aug-2024 23:34:27.505 INFO [Thread-1] org.apache.coyote.AbstractProtocol.stop Stopping ProtocolHandler ["http-nio-8080"]
24-Aug-2024 23:34:27.522 INFO [Thread-1] org.apache.coyote.AbstractProtocol.destroy Destroying ProtocolHandler ["http-nio-8080"]
24-Aug-2024 23:34:30.740 INFO [main] org.apache.catalina.startup.VersionLoggerListener.log Server version name:   Apache Tomcat/10.1.28
24-Aug-2024 23:34:30.743 INFO [main] org.apache.catalina.startup.VersionLoggerListener.log Server built:          Aug 2 2024 15:14:43 UTC
24-Aug-2024 23:34:30.743 INFO [main] org.apache.catalina.startup.VersionLoggerListener.log Server version number: 10.1.28.0
24-Aug-2024 23:34:30.743 INFO [main] org.apache.catalina.startup.VersionLoggerListener.log OS Name:               Windows 11
24-Aug-2024 23:34:30.744 INFO [main] org.apache.catalina.startup.VersionLoggerListener.log OS Version:            10.0
24-Aug-2024 23:34:30.744 INFO [main] org.apache.catalina.startup.VersionLoggerListener.log Architecture:          amd64
24-Aug-2024 23:34:30.744 INFO [main] org.apache.catalina.startup.VersionLoggerListener.log Java Home:             C:\Program Files\Java\jdk-22
24-Aug-2024 23:34:30.744 INFO [main] org.apache.catalina.startup.VersionLoggerListener.log JVM Version:           22.0.2+9-70
24-Aug-2024 23:34:30.744 INFO [main] org.apache.catalina.startup.VersionLoggerListener.log JVM Vendor:            Oracle Corporation
24-Aug-2024 23:34:30.744 INFO [main] org.apache.catalina.startup.VersionLoggerListener.log CATALINA_BASE:         C:\Users\eshwarg_700053\IdeaProjects\TodoApp\src\main\java\org\WM
24-Aug-2024 23:34:30.744 INFO [main] org.apache.catalina.startup.VersionLoggerListener.log CATALINA_HOME:         C:\Users\eshwarg_700053\Downloads\apache-tomcat-10.1.28-windows-x64\apache-tomcat-10.1.28
24-Aug-2024 23:34:30.758 INFO [main] org.apache.catalina.startup.VersionLoggerListener.log Command line argument: --add-opens=java.base/java.lang=ALL-UNNAMED
24-Aug-2024 23:34:30.759 INFO [main] org.apache.catalina.startup.VersionLoggerListener.log Command line argument: --add-opens=java.base/java.io=ALL-UNNAMED
24-Aug-2024 23:34:30.759 INFO [main] org.apache.catalina.startup.VersionLoggerListener.log Command line argument: --add-opens=java.base/java.util=ALL-UNNAMED
24-Aug-2024 23:34:30.759 INFO [main] org.apache.catalina.startup.VersionLoggerListener.log Command line argument: --add-opens=java.base/java.util.concurrent=ALL-UNNAMED
24-Aug-2024 23:34:30.759 INFO [main] org.apache.catalina.startup.VersionLoggerListener.log Command line argument: --add-opens=java.rmi/sun.rmi.transport=ALL-UNNAMED
24-Aug-2024 23:34:30.759 INFO [main] org.apache.catalina.startup.VersionLoggerListener.log Command line argument: -Dcatalina.home=C:\Users\eshwarg_700053\Downloads\apache-tomcat-10.1.28-windows-x64\apache-tomcat-10.1.28
24-Aug-2024 23:34:30.759 INFO [main] org.apache.catalina.startup.VersionLoggerListener.log Command line argument: -Dcatalina.base=C:\Users\eshwarg_700053\IdeaProjects\TodoApp\src\main\java\org\WM
24-Aug-2024 23:34:30.759 INFO [main] org.apache.catalina.startup.VersionLoggerListener.log Command line argument: -Djava.io.tmpdir=C:\Users\eshwarg_700053\IdeaProjects\TodoApp\src\main\java\org\WM\temp
24-Aug-2024 23:34:30.759 INFO [main] org.apache.catalina.startup.VersionLoggerListener.log Command line argument: -Djava.util.logging.config.file=C:\Users\eshwarg_700053\IdeaProjects\TodoApp\src\main\java\org\WM\conf\logging.properties
24-Aug-2024 23:34:30.759 INFO [main] org.apache.catalina.startup.VersionLoggerListener.log Command line argument: -Djava.util.logging.manager=org.apache.juli.ClassLoaderLogManager
24-Aug-2024 23:34:30.759 INFO [main] org.apache.catalina.startup.VersionLoggerListener.log Command line argument: -javaagent:C:\Program Files\JetBrains\IntelliJ IDEA Community Edition 2024.2\lib\idea_rt.jar=50763:C:\Program Files\JetBrains\IntelliJ IDEA Community Edition 2024.2\bin
24-Aug-2024 23:34:30.759 INFO [main] org.apache.catalina.startup.VersionLoggerListener.log Command line argument: -Dfile.encoding=UTF-8
24-Aug-2024 23:34:30.760 INFO [main] org.apache.catalina.startup.VersionLoggerListener.log Command line argument: -Dsun.stdout.encoding=UTF-8
24-Aug-2024 23:34:30.760 INFO [main] org.apache.catalina.startup.VersionLoggerListener.log Command line argument: -Dsun.stderr.encoding=UTF-8
24-Aug-2024 23:34:30.765 INFO [main] org.apache.catalina.core.AprLifecycleListener.lifecycleEvent Loaded Apache Tomcat Native library [2.0.8] using APR version [1.7.4].
24-Aug-2024 23:34:30.780 INFO [main] org.apache.catalina.core.AprLifecycleListener.initializeSSL OpenSSL successfully initialized [OpenSSL 3.0.14 4 Jun 2024]
24-Aug-2024 23:34:31.090 INFO [main] org.apache.coyote.AbstractProtocol.init Initializing ProtocolHandler ["http-nio-8080"]
24-Aug-2024 23:34:31.108 INFO [main] org.apache.catalina.startup.Catalina.load Server initialization in [554] milliseconds
24-Aug-2024 23:34:31.152 INFO [main] org.apache.catalina.core.StandardService.startInternal Starting service [Catalina]
24-Aug-2024 23:34:31.152 INFO [main] org.apache.catalina.core.StandardEngine.startInternal Starting Servlet engine: [Apache Tomcat/10.1.28]
24-Aug-2024 23:34:31.163 INFO [main] org.apache.catalina.startup.HostConfig.deployDescriptor Deploying deployment descriptor [C:\Users\eshwarg_700053\IdeaProjects\TodoApp\src\main\java\org\WM\conf\Catalina\localhost\api.xml]
24-Aug-2024 23:34:31.966 INFO [main] org.apache.jasper.servlet.TldScanner.scanJars At least one JAR was scanned for TLDs yet contained no TLDs. Enable debug logging for this logger for a complete list of JARs that were scanned but no TLDs were found in them. Skipping unneeded JARs during scanning can improve startup time and JSP compilation time.
24-Aug-2024 23:34:32.020 INFO [main] org.apache.catalina.startup.HostConfig.deployDescriptor Deployment of deployment descriptor [C:\Users\eshwarg_700053\IdeaProjects\TodoApp\src\main\java\org\WM\conf\Catalina\localhost\api.xml] has finished in [857] ms
24-Aug-2024 23:34:32.028 INFO [main] org.apache.coyote.AbstractProtocol.start Starting ProtocolHandler ["http-nio-8080"]
24-Aug-2024 23:34:32.068 INFO [main] org.apache.catalina.startup.Catalina.start Server startup in [959] milliseconds
24-Aug-2024 23:36:59.949 INFO [Thread-1] org.apache.coyote.AbstractProtocol.pause Pausing ProtocolHandler ["http-nio-8080"]
24-Aug-2024 23:36:59.962 INFO [Thread-1] org.apache.catalina.core.StandardService.stopInternal Stopping service [Catalina]
24-Aug-2024 23:36:59.971 WARNING [Thread-1] org.apache.catalina.loader.WebappClassLoaderBase.clearReferencesJdbc The web application [api] registered the JDBC driver [com.mysql.cj.jdbc.Driver] but failed to unregister it when the web application was stopped. To prevent a memory leak, the JDBC Driver has been forcibly unregistered.
24-Aug-2024 23:36:59.972 WARNING [Thread-1] org.apache.catalina.loader.WebappClassLoaderBase.clearReferencesThreads The web application [api] appears to have started a thread named [mysql-cj-abandoned-connection-cleanup] but has failed to stop it. This is very likely to create a memory leak. Stack trace of thread:
 java.base/jdk.internal.misc.Unsafe.park(Native Method)
 java.base/java.util.concurrent.locks.LockSupport.parkNanos(LockSupport.java:269)
 java.base/java.util.concurrent.locks.AbstractQueuedSynchronizer$ConditionObject.await(AbstractQueuedSynchronizer.java:1847)
 java.base/java.lang.ref.ReferenceQueue.await(ReferenceQueue.java:71)
 java.base/java.lang.ref.ReferenceQueue.remove0(ReferenceQueue.java:143)
 java.base/java.lang.ref.ReferenceQueue.remove(ReferenceQueue.java:218)
 com.mysql.cj.jdbc.AbandonedConnectionCleanupThread.run(AbandonedConnectionCleanupThread.java:84)
 java.base/java.util.concurrent.ThreadPoolExecutor.runWorker(ThreadPoolExecutor.java:1144)
 java.base/java.util.concurrent.ThreadPoolExecutor$Worker.run(ThreadPoolExecutor.java:642)
 java.base/java.lang.Thread.run(Thread.java:1570)
24-Aug-2024 23:36:59.976 INFO [Thread-1] org.apache.coyote.AbstractProtocol.stop Stopping ProtocolHandler ["http-nio-8080"]
24-Aug-2024 23:37:00.001 INFO [Thread-1] org.apache.coyote.AbstractProtocol.destroy Destroying ProtocolHandler ["http-nio-8080"]
24-Aug-2024 23:37:03.586 INFO [main] org.apache.catalina.startup.VersionLoggerListener.log Server version name:   Apache Tomcat/10.1.28
24-Aug-2024 23:37:03.591 INFO [main] org.apache.catalina.startup.VersionLoggerListener.log Server built:          Aug 2 2024 15:14:43 UTC
24-Aug-2024 23:37:03.591 INFO [main] org.apache.catalina.startup.VersionLoggerListener.log Server version number: 10.1.28.0
24-Aug-2024 23:37:03.591 INFO [main] org.apache.catalina.startup.VersionLoggerListener.log OS Name:               Windows 11
24-Aug-2024 23:37:03.591 INFO [main] org.apache.catalina.startup.VersionLoggerListener.log OS Version:            10.0
24-Aug-2024 23:37:03.591 INFO [main] org.apache.catalina.startup.VersionLoggerListener.log Architecture:          amd64
24-Aug-2024 23:37:03.591 INFO [main] org.apache.catalina.startup.VersionLoggerListener.log Java Home:             C:\Program Files\Java\jdk-22
24-Aug-2024 23:37:03.592 INFO [main] org.apache.catalina.startup.VersionLoggerListener.log JVM Version:           22.0.2+9-70
24-Aug-2024 23:37:03.592 INFO [main] org.apache.catalina.startup.VersionLoggerListener.log JVM Vendor:            Oracle Corporation
24-Aug-2024 23:37:03.592 INFO [main] org.apache.catalina.startup.VersionLoggerListener.log CATALINA_BASE:         C:\Users\eshwarg_700053\IdeaProjects\TodoApp\src\main\java\org\WM
24-Aug-2024 23:37:03.592 INFO [main] org.apache.catalina.startup.VersionLoggerListener.log CATALINA_HOME:         C:\Users\eshwarg_700053\Downloads\apache-tomcat-10.1.28-windows-x64\apache-tomcat-10.1.28
24-Aug-2024 23:37:03.606 INFO [main] org.apache.catalina.startup.VersionLoggerListener.log Command line argument: --add-opens=java.base/java.lang=ALL-UNNAMED
24-Aug-2024 23:37:03.606 INFO [main] org.apache.catalina.startup.VersionLoggerListener.log Command line argument: --add-opens=java.base/java.io=ALL-UNNAMED
24-Aug-2024 23:37:03.606 INFO [main] org.apache.catalina.startup.VersionLoggerListener.log Command line argument: --add-opens=java.base/java.util=ALL-UNNAMED
24-Aug-2024 23:37:03.606 INFO [main] org.apache.catalina.startup.VersionLoggerListener.log Command line argument: --add-opens=java.base/java.util.concurrent=ALL-UNNAMED
24-Aug-2024 23:37:03.606 INFO [main] org.apache.catalina.startup.VersionLoggerListener.log Command line argument: --add-opens=java.rmi/sun.rmi.transport=ALL-UNNAMED
24-Aug-2024 23:37:03.606 INFO [main] org.apache.catalina.startup.VersionLoggerListener.log Command line argument: -Dcatalina.home=C:\Users\eshwarg_700053\Downloads\apache-tomcat-10.1.28-windows-x64\apache-tomcat-10.1.28
24-Aug-2024 23:37:03.606 INFO [main] org.apache.catalina.startup.VersionLoggerListener.log Command line argument: -Dcatalina.base=C:\Users\eshwarg_700053\IdeaProjects\TodoApp\src\main\java\org\WM
24-Aug-2024 23:37:03.606 INFO [main] org.apache.catalina.startup.VersionLoggerListener.log Command line argument: -Djava.io.tmpdir=C:\Users\eshwarg_700053\IdeaProjects\TodoApp\src\main\java\org\WM\temp
24-Aug-2024 23:37:03.606 INFO [main] org.apache.catalina.startup.VersionLoggerListener.log Command line argument: -Djava.util.logging.config.file=C:\Users\eshwarg_700053\IdeaProjects\TodoApp\src\main\java\org\WM\conf\logging.properties
24-Aug-2024 23:37:03.606 INFO [main] org.apache.catalina.startup.VersionLoggerListener.log Command line argument: -Djava.util.logging.manager=org.apache.juli.ClassLoaderLogManager
24-Aug-2024 23:37:03.606 INFO [main] org.apache.catalina.startup.VersionLoggerListener.log Command line argument: -javaagent:C:\Program Files\JetBrains\IntelliJ IDEA Community Edition 2024.2\lib\idea_rt.jar=50786:C:\Program Files\JetBrains\IntelliJ IDEA Community Edition 2024.2\bin
24-Aug-2024 23:37:03.606 INFO [main] org.apache.catalina.startup.VersionLoggerListener.log Command line argument: -Dfile.encoding=UTF-8
24-Aug-2024 23:37:03.606 INFO [main] org.apache.catalina.startup.VersionLoggerListener.log Command line argument: -Dsun.stdout.encoding=UTF-8
24-Aug-2024 23:37:03.607 INFO [main] org.apache.catalina.startup.VersionLoggerListener.log Command line argument: -Dsun.stderr.encoding=UTF-8
24-Aug-2024 23:37:03.612 INFO [main] org.apache.catalina.core.AprLifecycleListener.lifecycleEvent Loaded Apache Tomcat Native library [2.0.8] using APR version [1.7.4].
24-Aug-2024 23:37:03.628 INFO [main] org.apache.catalina.core.AprLifecycleListener.initializeSSL OpenSSL successfully initialized [OpenSSL 3.0.14 4 Jun 2024]
24-Aug-2024 23:37:03.933 INFO [main] org.apache.coyote.AbstractProtocol.init Initializing ProtocolHandler ["http-nio-8080"]
24-Aug-2024 23:37:03.954 INFO [main] org.apache.catalina.startup.Catalina.load Server initialization in [577] milliseconds
24-Aug-2024 23:37:04.003 INFO [main] org.apache.catalina.core.StandardService.startInternal Starting service [Catalina]
24-Aug-2024 23:37:04.003 INFO [main] org.apache.catalina.core.StandardEngine.startInternal Starting Servlet engine: [Apache Tomcat/10.1.28]
24-Aug-2024 23:37:04.016 INFO [main] org.apache.catalina.startup.HostConfig.deployDescriptor Deploying deployment descriptor [C:\Users\eshwarg_700053\IdeaProjects\TodoApp\src\main\java\org\WM\conf\Catalina\localhost\api.xml]
24-Aug-2024 23:37:04.860 INFO [main] org.apache.jasper.servlet.TldScanner.scanJars At least one JAR was scanned for TLDs yet contained no TLDs. Enable debug logging for this logger for a complete list of JARs that were scanned but no TLDs were found in them. Skipping unneeded JARs during scanning can improve startup time and JSP compilation time.
24-Aug-2024 23:37:04.910 INFO [main] org.apache.catalina.startup.HostConfig.deployDescriptor Deployment of deployment descriptor [C:\Users\eshwarg_700053\IdeaProjects\TodoApp\src\main\java\org\WM\conf\Catalina\localhost\api.xml] has finished in [893] ms
24-Aug-2024 23:37:04.914 INFO [main] org.apache.coyote.AbstractProtocol.start Starting ProtocolHandler ["http-nio-8080"]
24-Aug-2024 23:37:04.953 INFO [main] org.apache.catalina.startup.Catalina.start Server startup in [996] milliseconds
